<?xml version="1.0" encoding="utf-8"?>
<shfbBuild product="Sandcastle Help File Builder" version="2015.1.12.0" projectFile="C:\Users\Sujay\Desktop\samoke\Demo1TechnicalDoc.shfbproj" started="4/2/2015 9:26:00 AM">
<buildStep step="Initializing">
Finding tools...
The Sandcastle tools are located in &#39;C:\Program Files (x86)\EWSoftware\Sandcastle Help File Builder\&#39;
Searching for HTML Help 1 compiler...
Found HTML Help 1 compiler in &#39;C:\Program Files (x86)\HTML Help Workshop\&#39;
Locating components in the following folder(s):
   C:\Users\Sujay\Desktop\samoke
Using presentation style &#39;VS2013&#39; located in &#39;C:\Program Files (x86)\EWSoftware\Sandcastle Help File Builder\PresentationStyles\VS2013&#39;
Loading and initializing plug-ins...
Lightweight Website Style Version 2015.1.12.0
Copyright &#169; 2006-2015, Eric Woodruff, All Rights Reserved
Portions Copyright &#169; 2014, Sam Harwell, All Rights Reserved
</buildStep>
<buildStep step="ValidatingDocumentationSources">
Validating and copying documentation source information
Source: C:\Users\Sujay\Documents\Spring College Junior Year\Software Engineering\SE Project\FoodEZ App\foodez_Windows_CS\foodez\foodez.WindowsPhone\bin\Debug\foodez.WindowsPhone.exe
    Found assembly &#39;C:\Users\Sujay\Documents\Spring College Junior Year\Software Engineering\SE Project\FoodEZ App\foodez_Windows_CS\foodez\foodez.WindowsPhone\bin\Debug\foodez.WindowsPhone.exe&#39;
Source: C:\Users\Sujay\Documents\Spring College Junior Year\Software Engineering\SE Project\FoodEZ App\foodez_Windows_CS\foodez\foodez.WindowsPhone\bin\Debug\foodez.WindowsPhone.XML

Copying XML comments files
    C:\Users\Sujay\Documents\Spring College Junior Year\Software Engineering\SE Project\FoodEZ App\foodez_Windows_CS\foodez\foodez.WindowsPhone\bin\Debug\foodez.WindowsPhone.XML -&gt; C:\Users\Sujay\Desktop\samoke\Help\Working\foodez.WindowsPhone.XML
</buildStep>
<buildStep step="GenerateSharedContent">
Generating shared content files (en-US, English (United States))...
<plugIn name="Lightweight Website Style" behavior="After" priority="1000">
</plugIn>    Last step completed in 00:00:00.0200
</buildStep>
<buildStep step="GenerateApiFilter">
Generating API filter for MRefBuilder...
    Last step completed in 00:00:00.0020
</buildStep>
<buildStep step="GenerateReflectionInfo">
Generating reflection information...
[C:\Windows\Microsoft.NET\Framework64\v4.0.30319\MSBuild.exe]
Build started 4/2/2015 9:26:01 AM.
Project &quot;C:\Users\Sujay\Desktop\samoke\Help\Working\GenerateRefInfo.proj&quot; on node 1 (default targets).
PrepareForBuild:
  Creating directory &quot;obj\Debug\&quot;.
GenerateRefInfo:
  MRefBuilder (v2015.1.12.0)
  Copyright c 2006-2015, Microsoft Corporation, All Rights Reserved.
  Portions Copyright c 2006-2014, Eric Woodruff, All Rights Reserved.
  Loaded 1 assemblies for reflection and 0 dependency assemblies.
  Wrote information on 10 namespaces, 34 types, and 189 members
  Copying file from &quot;reflection.org&quot; to &quot;reflection.all&quot;.
  XslTransform (v2015.1.12.0)
  Copyright c 2006-2015, Microsoft Corporation, All Rights Reserved.
  Portions Copyright c 2006-2014, Eric Woodruff, All Rights Reserved.
  Applying XSL transformation &#39;C:\Program Files (x86)\EWSoftware\Sandcastle Help File Builder\ProductionTransforms\MergeDuplicates.xsl&#39;.
Done Building Project &quot;C:\Users\Sujay\Desktop\samoke\Help\Working\GenerateRefInfo.proj&quot; (default targets).

Build succeeded.

Time Elapsed 00:00:01.47
    Last step completed in 00:00:01.6317
</buildStep>
<buildStep step="TransformReflectionInfo">
Transforming reflection output...
[C:\Windows\Microsoft.NET\Framework64\v4.0.30319\MSBuild.exe]
Build started 4/2/2015 9:26:03 AM.
Project &quot;C:\Users\Sujay\Desktop\samoke\Help\Working\TransformManifest.proj&quot; on node 1 (default targets).
TransformManifest:
  XslTransform (v2015.1.12.0)
  Copyright c 2006-2015, Microsoft Corporation, All Rights Reserved.
  Portions Copyright c 2006-2014, Eric Woodruff, All Rights Reserved.
  Applying XSL transformation &#39;C:\Program Files (x86)\EWSoftware\Sandcastle Help File Builder\\ProductionTransforms\ApplyVSDocModel.xsl&#39;.
  Copying file from &quot;reflection.xml&quot; to &quot;reflection.nofilenames&quot;.
  XslTransform (v2015.1.12.0)
  Copyright c 2006-2015, Microsoft Corporation, All Rights Reserved.
  Portions Copyright c 2006-2014, Eric Woodruff, All Rights Reserved.
  Applying XSL transformation &#39;C:\Program Files (x86)\EWSoftware\Sandcastle Help File Builder\ProductionTransforms\AddFilenames.xsl&#39;.
  XslTransform (v2015.1.12.0)
  Copyright c 2006-2015, Microsoft Corporation, All Rights Reserved.
  Portions Copyright c 2006-2014, Eric Woodruff, All Rights Reserved.
  Applying XSL transformation &#39;C:\Program Files (x86)\EWSoftware\Sandcastle Help File Builder\ProductionTransforms\ReflectionToManifest.xsl&#39;.
Done Building Project &quot;C:\Users\Sujay\Desktop\samoke\Help\Working\TransformManifest.proj&quot; (default targets).

Build succeeded.

Time Elapsed 00:00:01.36
    Last step completed in 00:00:01.5941
</buildStep>
<buildStep step="GenerateNamespaceSummaries">
Generating namespace summary information...
    Last step completed in 00:00:00.1080
</buildStep>
<buildStep step="CopyAdditionalContent">
Copying additional content files...
No additional content to copy
    Last step completed in 00:00:00.0090
</buildStep>
<buildStep step="MergeTablesOfContents">
Merging conceptual and additional tables of contents...
    Last step completed in 00:00:00.0020
</buildStep>
<buildStep step="GenerateIntermediateTableOfContents">
Generating intermediate table of contents file...
[C:\Windows\Microsoft.NET\Framework64\v4.0.30319\MSBuild.exe]
Build started 4/2/2015 9:26:05 AM.
Project &quot;C:\Users\Sujay\Desktop\samoke\Help\Working\GenerateIntermediateTOC.proj&quot; on node 1 (default targets).
GenerateIntermediateTOC:
  XslTransform (v2015.1.12.0)
  Copyright c 2006-2015, Microsoft Corporation, All Rights Reserved.
  Portions Copyright c 2006-2014, Eric Woodruff, All Rights Reserved.
  Applying XSL transformation &#39;C:\Program Files (x86)\EWSoftware\Sandcastle Help File Builder\\ProductionTransforms\CreateVSToc.xsl&#39;.
Done Building Project &quot;C:\Users\Sujay\Desktop\samoke\Help\Working\GenerateIntermediateTOC.proj&quot; (default targets).

Build succeeded.

Time Elapsed 00:00:00.24
Generating conceptual content intermediate TOC file...
    Last step completed in 00:00:00.4170
</buildStep>
<buildStep step="CreateBuildAssemblerConfigs">
Creating Sandcastle configuration files...
    sandcastle.config
    Last step completed in 00:00:00.5120
</buildStep>
<buildStep step="MergeCustomConfigs">
Merging custom build component configurations
C:\Users\Sujay\Desktop\samoke\Help\Working\sandcastle.config
    Last step completed in 00:00:00.0539
</buildStep>
<buildStep step="BuildReferenceTopics">
Building reference help topics...
[C:\Windows\Microsoft.NET\Framework64\v4.0.30319\MSBuild.exe]
Build started 4/2/2015 9:26:06 AM.
Project &quot;C:\Users\Sujay\Desktop\samoke\Help\Working\BuildReferenceTopics.proj&quot; on node 1 (default targets).
BuildReferenceTopics:
  BuildAssembler (v2015.1.12.0)
  Copyright c 2006-2015, Microsoft Corporation, All Rights Reserved.
  Portions Copyright c 2006-2014, Eric Woodruff, All Rights Reserved.
  Loading configuration...
  ResolveReferenceLinksComponent: The MSDN content ID cache &#39;C:\Users\Sujay\AppData\Local\EWSoftware\Sandcastle Help File Builder\Cache\MsdnContentId.cache&#39; does not exist yet.  All IDs will be looked up in this build which will slow it down.
  Processing topics...
BuildAssembler : warning : ShowMissingComponent: [N:foodez] Missing &lt;summary&gt; documentation [C:\Users\Sujay\Desktop\samoke\Help\Working\BuildReferenceTopics.proj]
BuildAssembler : warning : ShowMissingComponent: [M:foodez.App.Connect(System.Int32,System.Object)] Missing &lt;summary&gt; documentation [C:\Users\Sujay\Desktop\samoke\Help\Working\BuildReferenceTopics.proj]
BuildAssembler : warning : ShowMissingComponent: [M:foodez.App.Connect(System.Int32,System.Object)] Missing &lt;param name=&quot;connectionId&quot;/&gt; documentation [C:\Users\Sujay\Desktop\samoke\Help\Working\BuildReferenceTopics.proj]
BuildAssembler : warning : ShowMissingComponent: [M:foodez.App.Connect(System.Int32,System.Object)] Missing &lt;param name=&quot;target&quot;/&gt; documentation [C:\Users\Sujay\Desktop\samoke\Help\Working\BuildReferenceTopics.proj]
BuildAssembler : warning : ShowMissingComponent: [M:foodez.App.GetXamlType(System.String)] Missing &lt;summary&gt; documentation [C:\Users\Sujay\Desktop\samoke\Help\Working\BuildReferenceTopics.proj]
BuildAssembler : warning : ShowMissingComponent: [M:foodez.App.GetXamlType(System.String)] Missing &lt;returns&gt; documentation [C:\Users\Sujay\Desktop\samoke\Help\Working\BuildReferenceTopics.proj]
BuildAssembler : warning : ShowMissingComponent: [M:foodez.App.GetXamlType(System.String)] Missing &lt;param name=&quot;fullName&quot;/&gt; documentation [C:\Users\Sujay\Desktop\samoke\Help\Working\BuildReferenceTopics.proj]
BuildAssembler : warning : ShowMissingComponent: [M:foodez.App.GetXamlType(System.Type)] Missing &lt;summary&gt; documentation [C:\Users\Sujay\Desktop\samoke\Help\Working\BuildReferenceTopics.proj]
BuildAssembler : warning : ShowMissingComponent: [M:foodez.App.GetXamlType(System.Type)] Missing &lt;returns&gt; documentation [C:\Users\Sujay\Desktop\samoke\Help\Working\BuildReferenceTopics.proj]
BuildAssembler : warning : ShowMissingComponent: [M:foodez.App.GetXamlType(System.Type)] Missing &lt;param name=&quot;type&quot;/&gt; documentation [C:\Users\Sujay\Desktop\samoke\Help\Working\BuildReferenceTopics.proj]
BuildAssembler : warning : ShowMissingComponent: [M:foodez.App.GetXmlnsDefinitions] Missing &lt;summary&gt; documentation [C:\Users\Sujay\Desktop\samoke\Help\Working\BuildReferenceTopics.proj]
BuildAssembler : warning : ShowMissingComponent: [M:foodez.App.GetXmlnsDefinitions] Missing &lt;returns&gt; documentation [C:\Users\Sujay\Desktop\samoke\Help\Working\BuildReferenceTopics.proj]
BuildAssembler : warning : ShowMissingComponent: [M:foodez.App.InitializeComponent] Missing &lt;summary&gt; documentation [C:\Users\Sujay\Desktop\samoke\Help\Working\BuildReferenceTopics.proj]
BuildAssembler : warning : ShowMissingComponent: [F:foodez.App.MobileService] Missing &lt;summary&gt; documentation [C:\Users\Sujay\Desktop\samoke\Help\Working\BuildReferenceTopics.proj]
BuildAssembler : warning : ShowMissingComponent: [T:foodez.Employee] Missing &lt;summary&gt; documentation [C:\Users\Sujay\Desktop\samoke\Help\Working\BuildReferenceTopics.proj]
BuildAssembler : warning : ShowMissingComponent: [P:foodez.Employee.Address] Missing &lt;summary&gt; documentation [C:\Users\Sujay\Desktop\samoke\Help\Working\BuildReferenceTopics.proj]
BuildAssembler : warning : ShowMissingComponent: [P:foodez.Employee.Birthday] Missing &lt;summary&gt; documentation [C:\Users\Sujay\Desktop\samoke\Help\Working\BuildReferenceTopics.proj]
BuildAssembler : warning : ShowMissingComponent: [P:foodez.Employee.Gender] Missing &lt;summary&gt; documentation [C:\Users\Sujay\Desktop\samoke\Help\Working\BuildReferenceTopics.proj]
BuildAssembler : warning : ShowMissingComponent: [P:foodez.Employee.Id] Missing &lt;summary&gt; documentation [C:\Users\Sujay\Desktop\samoke\Help\Working\BuildReferenceTopics.proj]
BuildAssembler : warning : ShowMissingComponent: [P:foodez.Employee.Name] Missing &lt;summary&gt; documentation [C:\Users\Sujay\Desktop\samoke\Help\Working\BuildReferenceTopics.proj]
BuildAssembler : warning : ShowMissingComponent: [P:foodez.Employee.Password] Missing &lt;summary&gt; documentation [C:\Users\Sujay\Desktop\samoke\Help\Working\BuildReferenceTopics.proj]
BuildAssembler : warning : ShowMissingComponent: [P:foodez.Employee.PhoneNumber] Missing &lt;summary&gt; documentation [C:\Users\Sujay\Desktop\samoke\Help\Working\BuildReferenceTopics.proj]
BuildAssembler : warning : ShowMissingComponent: [P:foodez.Employee.Position] Missing &lt;summary&gt; documentation [C:\Users\Sujay\Desktop\samoke\Help\Working\BuildReferenceTopics.proj]
BuildAssembler : warning : ShowMissingComponent: [P:foodez.Employee.Salary] Missing &lt;summary&gt; documentation [C:\Users\Sujay\Desktop\samoke\Help\Working\BuildReferenceTopics.proj]
BuildAssembler : warning : ShowMissingComponent: [P:foodez.Employee.Username] Missing &lt;summary&gt; documentation [C:\Users\Sujay\Desktop\samoke\Help\Working\BuildReferenceTopics.proj]
BuildAssembler : warning : ShowMissingComponent: [T:foodez.FoodQueue] Missing &lt;summary&gt; documentation [C:\Users\Sujay\Desktop\samoke\Help\Working\BuildReferenceTopics.proj]
BuildAssembler : warning : ShowMissingComponent: [P:foodez.FoodQueue.Id] Missing &lt;summary&gt; documentation [C:\Users\Sujay\Desktop\samoke\Help\Working\BuildReferenceTopics.proj]
BuildAssembler : warning : ShowMissingComponent: [P:foodez.FoodQueue.Menuitem] Missing &lt;summary&gt; documentation [C:\Users\Sujay\Desktop\samoke\Help\Working\BuildReferenceTopics.proj]
BuildAssembler : warning : ShowMissingComponent: [P:foodez.FoodQueue.Orderid] Missing &lt;summary&gt; documentation [C:\Users\Sujay\Desktop\samoke\Help\Working\BuildReferenceTopics.proj]
BuildAssembler : warning : ShowMissingComponent: [P:foodez.FoodQueue.Progress] Missing &lt;summary&gt; documentation [C:\Users\Sujay\Desktop\samoke\Help\Working\BuildReferenceTopics.proj]
BuildAssembler : warning : ShowMissingComponent: [T:foodez.MainPage] Missing &lt;summary&gt; documentation [C:\Users\Sujay\Desktop\samoke\Help\Working\BuildReferenceTopics.proj]
BuildAssembler : warning : ShowMissingComponent: [M:foodez.MainPage.Connect(System.Int32,System.Object)] Missing &lt;summary&gt; documentation [C:\Users\Sujay\Desktop\samoke\Help\Working\BuildReferenceTopics.proj]
BuildAssembler : warning : ShowMissingComponent: [M:foodez.MainPage.Connect(System.Int32,System.Object)] Missing &lt;param name=&quot;connectionId&quot;/&gt; documentation [C:\Users\Sujay\Desktop\samoke\Help\Working\BuildReferenceTopics.proj]
BuildAssembler : warning : ShowMissingComponent: [M:foodez.MainPage.Connect(System.Int32,System.Object)] Missing &lt;param name=&quot;target&quot;/&gt; documentation [C:\Users\Sujay\Desktop\samoke\Help\Working\BuildReferenceTopics.proj]
BuildAssembler : warning : ShowMissingComponent: [M:foodez.MainPage.InitializeComponent] Missing &lt;summary&gt; documentation [C:\Users\Sujay\Desktop\samoke\Help\Working\BuildReferenceTopics.proj]
BuildAssembler : warning : ShowMissingComponent: [T:foodez.MenuItem] Missing &lt;summary&gt; documentation [C:\Users\Sujay\Desktop\samoke\Help\Working\BuildReferenceTopics.proj]
BuildAssembler : warning : ShowMissingComponent: [P:foodez.MenuItem.Category] Missing &lt;summary&gt; documentation [C:\Users\Sujay\Desktop\samoke\Help\Working\BuildReferenceTopics.proj]
BuildAssembler : warning : ShowMissingComponent: [P:foodez.MenuItem.Id] Missing &lt;summary&gt; documentation [C:\Users\Sujay\Desktop\samoke\Help\Working\BuildReferenceTopics.proj]
BuildAssembler : warning : ShowMissingComponent: [P:foodez.MenuItem.Name] Missing &lt;summary&gt; documentation [C:\Users\Sujay\Desktop\samoke\Help\Working\BuildReferenceTopics.proj]
BuildAssembler : warning : ShowMissingComponent: [P:foodez.MenuItem.Price] Missing &lt;summary&gt; documentation [C:\Users\Sujay\Desktop\samoke\Help\Working\BuildReferenceTopics.proj]
BuildAssembler : warning : ShowMissingComponent: [T:foodez.Order] Missing &lt;summary&gt; documentation [C:\Users\Sujay\Desktop\samoke\Help\Working\BuildReferenceTopics.proj]
BuildAssembler : warning : ShowMissingComponent: [P:foodez.Order.Completed] Missing &lt;summary&gt; documentation [C:\Users\Sujay\Desktop\samoke\Help\Working\BuildReferenceTopics.proj]
BuildAssembler : warning : ShowMissingComponent: [P:foodez.Order.Cost] Missing &lt;summary&gt; documentation [C:\Users\Sujay\Desktop\samoke\Help\Working\BuildReferenceTopics.proj]
BuildAssembler : warning : ShowMissingComponent: [P:foodez.Order.Id] Missing &lt;summary&gt; documentation [C:\Users\Sujay\Desktop\samoke\Help\Working\BuildReferenceTopics.proj]
BuildAssembler : warning : ShowMissingComponent: [P:foodez.Order.Ordernum] Missing &lt;summary&gt; documentation [C:\Users\Sujay\Desktop\samoke\Help\Working\BuildReferenceTopics.proj]
BuildAssembler : warning : ShowMissingComponent: [P:foodez.Order.Tablename] Missing &lt;summary&gt; documentation [C:\Users\Sujay\Desktop\samoke\Help\Working\BuildReferenceTopics.proj]
BuildAssembler : warning : ShowMissingComponent: [T:foodez.OrderList] Missing &lt;summary&gt; documentation [C:\Users\Sujay\Desktop\samoke\Help\Working\BuildReferenceTopics.proj]
BuildAssembler : warning : ShowMissingComponent: [P:foodez.OrderList.Completed] Missing &lt;summary&gt; documentation [C:\Users\Sujay\Desktop\samoke\Help\Working\BuildReferenceTopics.proj]
BuildAssembler : warning : ShowMissingComponent: [P:foodez.OrderList.Id] Missing &lt;summary&gt; documentation [C:\Users\Sujay\Desktop\samoke\Help\Working\BuildReferenceTopics.proj]
BuildAssembler : warning : ShowMissingComponent: [P:foodez.OrderList.Name] Missing &lt;summary&gt; documentation [C:\Users\Sujay\Desktop\samoke\Help\Working\BuildReferenceTopics.proj]
BuildAssembler : warning : ShowMissingComponent: [P:foodez.OrderList.Orderid] Missing &lt;summary&gt; documentation [C:\Users\Sujay\Desktop\samoke\Help\Working\BuildReferenceTopics.proj]
BuildAssembler : warning : ShowMissingComponent: [P:foodez.OrderList.Price] Missing &lt;summary&gt; documentation [C:\Users\Sujay\Desktop\samoke\Help\Working\BuildReferenceTopics.proj]
BuildAssembler : warning : ShowMissingComponent: [T:foodez.Program] Missing &lt;summary&gt; documentation [C:\Users\Sujay\Desktop\samoke\Help\Working\BuildReferenceTopics.proj]
BuildAssembler : warning : ShowMissingComponent: [T:foodez.Table] Missing &lt;summary&gt; documentation [C:\Users\Sujay\Desktop\samoke\Help\Working\BuildReferenceTopics.proj]
BuildAssembler : warning : ShowMissingComponent: [P:foodez.Table.Id] Missing &lt;summary&gt; documentation [C:\Users\Sujay\Desktop\samoke\Help\Working\BuildReferenceTopics.proj]
BuildAssembler : warning : ShowMissingComponent: [P:foodez.Table.Name] Missing &lt;summary&gt; documentation [C:\Users\Sujay\Desktop\samoke\Help\Working\BuildReferenceTopics.proj]
BuildAssembler : warning : ShowMissingComponent: [P:foodez.Table.OrderID] Missing &lt;summary&gt; documentation [C:\Users\Sujay\Desktop\samoke\Help\Working\BuildReferenceTopics.proj]
BuildAssembler : warning : ShowMissingComponent: [P:foodez.Table.Status] Missing &lt;summary&gt; documentation [C:\Users\Sujay\Desktop\samoke\Help\Working\BuildReferenceTopics.proj]
BuildAssembler : warning : ShowMissingComponent: [T:foodez.TodoItem] Missing &lt;summary&gt; documentation [C:\Users\Sujay\Desktop\samoke\Help\Working\BuildReferenceTopics.proj]
BuildAssembler : warning : ShowMissingComponent: [P:foodez.TodoItem.Complete] Missing &lt;summary&gt; documentation [C:\Users\Sujay\Desktop\samoke\Help\Working\BuildReferenceTopics.proj]
BuildAssembler : warning : ShowMissingComponent: [P:foodez.TodoItem.Id] Missing &lt;summary&gt; documentation [C:\Users\Sujay\Desktop\samoke\Help\Working\BuildReferenceTopics.proj]
BuildAssembler : warning : ShowMissingComponent: [P:foodez.TodoItem.Text] Missing &lt;summary&gt; documentation [C:\Users\Sujay\Desktop\samoke\Help\Working\BuildReferenceTopics.proj]
BuildAssembler : warning : ShowMissingComponent: [N:foodez.BartenderPages] Missing &lt;summary&gt; documentation [C:\Users\Sujay\Desktop\samoke\Help\Working\BuildReferenceTopics.proj]
BuildAssembler : warning : ShowMissingComponent: [M:foodez.BartenderPages.BartenderMain.Connect(System.Int32,System.Object)] Missing &lt;summary&gt; documentation [C:\Users\Sujay\Desktop\samoke\Help\Working\BuildReferenceTopics.proj]
BuildAssembler : warning : ShowMissingComponent: [M:foodez.BartenderPages.BartenderMain.Connect(System.Int32,System.Object)] Missing &lt;param name=&quot;connectionId&quot;/&gt; documentation [C:\Users\Sujay\Desktop\samoke\Help\Working\BuildReferenceTopics.proj]
BuildAssembler : warning : ShowMissingComponent: [M:foodez.BartenderPages.BartenderMain.Connect(System.Int32,System.Object)] Missing &lt;param name=&quot;target&quot;/&gt; documentation [C:\Users\Sujay\Desktop\samoke\Help\Working\BuildReferenceTopics.proj]
BuildAssembler : warning : ShowMissingComponent: [M:foodez.BartenderPages.BartenderMain.InitializeComponent] Missing &lt;summary&gt; documentation [C:\Users\Sujay\Desktop\samoke\Help\Working\BuildReferenceTopics.proj]
BuildAssembler : warning : ShowMissingComponent: [N:foodez.BusBoyPages] Missing &lt;summary&gt; documentation [C:\Users\Sujay\Desktop\samoke\Help\Working\BuildReferenceTopics.proj]
BuildAssembler : warning : ShowMissingComponent: [M:foodez.BusBoyPages.BusBoyMain.Connect(System.Int32,System.Object)] Missing &lt;summary&gt; documentation [C:\Users\Sujay\Desktop\samoke\Help\Working\BuildReferenceTopics.proj]
BuildAssembler : warning : ShowMissingComponent: [M:foodez.BusBoyPages.BusBoyMain.Connect(System.Int32,System.Object)] Missing &lt;param name=&quot;connectionId&quot;/&gt; documentation [C:\Users\Sujay\Desktop\samoke\Help\Working\BuildReferenceTopics.proj]
BuildAssembler : warning : ShowMissingComponent: [M:foodez.BusBoyPages.BusBoyMain.Connect(System.Int32,System.Object)] Missing &lt;param name=&quot;target&quot;/&gt; documentation [C:\Users\Sujay\Desktop\samoke\Help\Working\BuildReferenceTopics.proj]
BuildAssembler : warning : ShowMissingComponent: [M:foodez.BusBoyPages.BusBoyMain.InitializeComponent] Missing &lt;summary&gt; documentation [C:\Users\Sujay\Desktop\samoke\Help\Working\BuildReferenceTopics.proj]
BuildAssembler : warning : ShowMissingComponent: [N:foodez.ChefPages] Missing &lt;summary&gt; documentation [C:\Users\Sujay\Desktop\samoke\Help\Working\BuildReferenceTopics.proj]
BuildAssembler : warning : ShowMissingComponent: [M:foodez.ChefPages.ChefMain.Connect(System.Int32,System.Object)] Missing &lt;summary&gt; documentation [C:\Users\Sujay\Desktop\samoke\Help\Working\BuildReferenceTopics.proj]
BuildAssembler : warning : ShowMissingComponent: [M:foodez.ChefPages.ChefMain.Connect(System.Int32,System.Object)] Missing &lt;param name=&quot;connectionId&quot;/&gt; documentation [C:\Users\Sujay\Desktop\samoke\Help\Working\BuildReferenceTopics.proj]
BuildAssembler : warning : ShowMissingComponent: [M:foodez.ChefPages.ChefMain.Connect(System.Int32,System.Object)] Missing &lt;param name=&quot;target&quot;/&gt; documentation [C:\Users\Sujay\Desktop\samoke\Help\Working\BuildReferenceTopics.proj]
BuildAssembler : warning : ShowMissingComponent: [M:foodez.ChefPages.ChefMain.InitializeComponent] Missing &lt;summary&gt; documentation [C:\Users\Sujay\Desktop\samoke\Help\Working\BuildReferenceTopics.proj]
BuildAssembler : warning : ShowMissingComponent: [M:foodez.ChefPages.FoodQueue.Connect(System.Int32,System.Object)] Missing &lt;summary&gt; documentation [C:\Users\Sujay\Desktop\samoke\Help\Working\BuildReferenceTopics.proj]
BuildAssembler : warning : ShowMissingComponent: [M:foodez.ChefPages.FoodQueue.Connect(System.Int32,System.Object)] Missing &lt;param name=&quot;connectionId&quot;/&gt; documentation [C:\Users\Sujay\Desktop\samoke\Help\Working\BuildReferenceTopics.proj]
BuildAssembler : warning : ShowMissingComponent: [M:foodez.ChefPages.FoodQueue.Connect(System.Int32,System.Object)] Missing &lt;param name=&quot;target&quot;/&gt; documentation [C:\Users\Sujay\Desktop\samoke\Help\Working\BuildReferenceTopics.proj]
BuildAssembler : warning : ShowMissingComponent: [M:foodez.ChefPages.FoodQueue.GetFoodTable] Missing &lt;returns&gt; documentation [C:\Users\Sujay\Desktop\samoke\Help\Working\BuildReferenceTopics.proj]
BuildAssembler : warning : ShowMissingComponent: [M:foodez.ChefPages.FoodQueue.GetOrderList] Missing &lt;returns&gt; documentation [C:\Users\Sujay\Desktop\samoke\Help\Working\BuildReferenceTopics.proj]
BuildAssembler : warning : ShowMissingComponent: [M:foodez.ChefPages.FoodQueue.GetOrders] Missing &lt;returns&gt; documentation [C:\Users\Sujay\Desktop\samoke\Help\Working\BuildReferenceTopics.proj]
BuildAssembler : warning : ShowMissingComponent: [M:foodez.ChefPages.FoodQueue.InitializeComponent] Missing &lt;summary&gt; documentation [C:\Users\Sujay\Desktop\samoke\Help\Working\BuildReferenceTopics.proj]
BuildAssembler : warning : ShowMissingComponent: [N:foodez.Classes] Missing &lt;summary&gt; documentation [C:\Users\Sujay\Desktop\samoke\Help\Working\BuildReferenceTopics.proj]
BuildAssembler : warning : ShowMissingComponent: [T:foodez.Classes.FoodProgress] Missing &lt;summary&gt; documentation [C:\Users\Sujay\Desktop\samoke\Help\Working\BuildReferenceTopics.proj]
BuildAssembler : warning : ShowMissingComponent: [P:foodez.Classes.FoodProgress.Name] Missing &lt;summary&gt; documentation [C:\Users\Sujay\Desktop\samoke\Help\Working\BuildReferenceTopics.proj]
BuildAssembler : warning : ShowMissingComponent: [P:foodez.Classes.FoodProgress.Progress] Missing &lt;summary&gt; documentation [C:\Users\Sujay\Desktop\samoke\Help\Working\BuildReferenceTopics.proj]
BuildAssembler : warning : ShowMissingComponent: [T:foodez.Classes.FoodTable] Missing &lt;summary&gt; documentation [C:\Users\Sujay\Desktop\samoke\Help\Working\BuildReferenceTopics.proj]
BuildAssembler : warning : ShowMissingComponent: [P:foodez.Classes.FoodTable.Completed] Missing &lt;summary&gt; documentation [C:\Users\Sujay\Desktop\samoke\Help\Working\BuildReferenceTopics.proj]
BuildAssembler : warning : ShowMissingComponent: [P:foodez.Classes.FoodTable.Name] Missing &lt;summary&gt; documentation [C:\Users\Sujay\Desktop\samoke\Help\Working\BuildReferenceTopics.proj]
BuildAssembler : warning : ShowMissingComponent: [P:foodez.Classes.FoodTable.TableName] Missing &lt;summary&gt; documentation [C:\Users\Sujay\Desktop\samoke\Help\Working\BuildReferenceTopics.proj]
BuildAssembler : warning : ShowMissingComponent: [N:foodez.Common] Missing &lt;summary&gt; documentation [C:\Users\Sujay\Desktop\samoke\Help\Working\BuildReferenceTopics.proj]
BuildAssembler : warning : ResolveReferenceLinksComponent: [T:foodez.Common.LoadStateEventArgs] Unknown reference link target &#39;M:Windows.UI.Xaml.Controls.Frame.Navigate(System.Type,System.Object)&#39;. [C:\Users\Sujay\Desktop\samoke\Help\Working\BuildReferenceTopics.proj]
BuildAssembler : warning : ResolveReferenceLinksComponent: [T:foodez.Common.LoadStateEventArgs] Unknown reference link target &#39;M:Windows.UI.Xaml.Controls.Frame.Navigate(System.Type,System.Object)&#39;. [C:\Users\Sujay\Desktop\samoke\Help\Working\BuildReferenceTopics.proj]
BuildAssembler : warning : ResolveReferenceLinksComponent: [Properties.T:foodez.Common.LoadStateEventArgs] Unknown reference link target &#39;M:Windows.UI.Xaml.Controls.Frame.Navigate(System.Type,System.Object)&#39;. [C:\Users\Sujay\Desktop\samoke\Help\Working\BuildReferenceTopics.proj]
BuildAssembler : warning : ResolveReferenceLinksComponent: [Properties.T:foodez.Common.LoadStateEventArgs] Unknown reference link target &#39;M:Windows.UI.Xaml.Controls.Frame.Navigate(System.Type,System.Object)&#39;. [C:\Users\Sujay\Desktop\samoke\Help\Working\BuildReferenceTopics.proj]
BuildAssembler : warning : ResolveReferenceLinksComponent: [M:foodez.Common.LoadStateEventArgs.#ctor(System.Object,System.Collections.Generic.Dictionary{System.String,System.Object})] Unknown reference link target &#39;M:Windows.UI.Xaml.Controls.Frame.Navigate(System.Type,System.Object)&#39;. [C:\Users\Sujay\Desktop\samoke\Help\Working\BuildReferenceTopics.proj]
BuildAssembler : warning : ResolveReferenceLinksComponent: [M:foodez.Common.LoadStateEventArgs.#ctor(System.Object,System.Collections.Generic.Dictionary{System.String,System.Object})] Unknown reference link target &#39;M:Windows.UI.Xaml.Controls.Frame.Navigate(System.Type,System.Object)&#39;. [C:\Users\Sujay\Desktop\samoke\Help\Working\BuildReferenceTopics.proj]
BuildAssembler : warning : ResolveReferenceLinksComponent: [P:foodez.Common.LoadStateEventArgs.NavigationParameter] Unknown reference link target &#39;M:Windows.UI.Xaml.Controls.Frame.Navigate(System.Type,System.Object)&#39;. [C:\Users\Sujay\Desktop\samoke\Help\Working\BuildReferenceTopics.proj]
BuildAssembler : warning : ResolveReferenceLinksComponent: [P:foodez.Common.LoadStateEventArgs.NavigationParameter] Unknown reference link target &#39;M:Windows.UI.Xaml.Controls.Frame.Navigate(System.Type,System.Object)&#39;. [C:\Users\Sujay\Desktop\samoke\Help\Working\BuildReferenceTopics.proj]
BuildAssembler : warning : ResolveReferenceLinksComponent: [T:foodez.Common.NavigationHelper] Unknown reference link target &#39;P:foodez.Common.NavigationHelper.Frame&#39;. [C:\Users\Sujay\Desktop\samoke\Help\Working\BuildReferenceTopics.proj]
BuildAssembler : warning : ResolveReferenceLinksComponent: [T:foodez.Common.NavigationHelper] Unknown reference link target &#39;P:foodez.Common.NavigationHelper.Frame&#39;. [C:\Users\Sujay\Desktop\samoke\Help\Working\BuildReferenceTopics.proj]
BuildAssembler : warning : ResolveReferenceLinksComponent: [T:foodez.Common.NavigationHelper] Unknown reference link target &#39;P:foodez.Common.NavigationHelper.Frame&#39;. [C:\Users\Sujay\Desktop\samoke\Help\Working\BuildReferenceTopics.proj]
BuildAssembler : warning : ResolveReferenceLinksComponent: [T:foodez.Common.NavigationHelper] Unknown reference link target &#39;P:foodez.Common.NavigationHelper.Frame&#39;. [C:\Users\Sujay\Desktop\samoke\Help\Working\BuildReferenceTopics.proj]
BuildAssembler : warning : ResolveReferenceLinksComponent: [Methods.T:foodez.Common.NavigationHelper] Unknown reference link target &#39;P:foodez.Common.NavigationHelper.Frame&#39;. [C:\Users\Sujay\Desktop\samoke\Help\Working\BuildReferenceTopics.proj]
BuildAssembler : warning : ResolveReferenceLinksComponent: [Methods.T:foodez.Common.NavigationHelper] Unknown reference link target &#39;P:foodez.Common.NavigationHelper.Frame&#39;. [C:\Users\Sujay\Desktop\samoke\Help\Working\BuildReferenceTopics.proj]
BuildAssembler : warning : ResolveReferenceLinksComponent: [Methods.T:foodez.Common.NavigationHelper] Unknown reference link target &#39;P:foodez.Common.NavigationHelper.Frame&#39;. [C:\Users\Sujay\Desktop\samoke\Help\Working\BuildReferenceTopics.proj]
BuildAssembler : warning : ResolveReferenceLinksComponent: [Methods.T:foodez.Common.NavigationHelper] Unknown reference link target &#39;P:foodez.Common.NavigationHelper.Frame&#39;. [C:\Users\Sujay\Desktop\samoke\Help\Working\BuildReferenceTopics.proj]
BuildAssembler : warning : ResolveReferenceLinksComponent: [M:foodez.Common.NavigationHelper.CanGoBack] Unknown reference link target &#39;P:foodez.Common.NavigationHelper.Frame&#39;. [C:\Users\Sujay\Desktop\samoke\Help\Working\BuildReferenceTopics.proj]
BuildAssembler : warning : ResolveReferenceLinksComponent: [M:foodez.Common.NavigationHelper.CanGoBack] Unknown reference link target &#39;P:foodez.Common.NavigationHelper.Frame&#39;. [C:\Users\Sujay\Desktop\samoke\Help\Working\BuildReferenceTopics.proj]
BuildAssembler : warning : ResolveReferenceLinksComponent: [M:foodez.Common.NavigationHelper.CanGoBack] Unknown reference link target &#39;P:foodez.Common.NavigationHelper.Frame&#39;. [C:\Users\Sujay\Desktop\samoke\Help\Working\BuildReferenceTopics.proj]
BuildAssembler : warning : ResolveReferenceLinksComponent: [M:foodez.Common.NavigationHelper.CanGoBack] Unknown reference link target &#39;P:foodez.Common.NavigationHelper.Frame&#39;. [C:\Users\Sujay\Desktop\samoke\Help\Working\BuildReferenceTopics.proj]
BuildAssembler : warning : ResolveReferenceLinksComponent: [M:foodez.Common.NavigationHelper.CanGoForward] Unknown reference link target &#39;P:foodez.Common.NavigationHelper.Frame&#39;. [C:\Users\Sujay\Desktop\samoke\Help\Working\BuildReferenceTopics.proj]
BuildAssembler : warning : ResolveReferenceLinksComponent: [M:foodez.Common.NavigationHelper.CanGoForward] Unknown reference link target &#39;P:foodez.Common.NavigationHelper.Frame&#39;. [C:\Users\Sujay\Desktop\samoke\Help\Working\BuildReferenceTopics.proj]
BuildAssembler : warning : ResolveReferenceLinksComponent: [M:foodez.Common.NavigationHelper.CanGoForward] Unknown reference link target &#39;P:foodez.Common.NavigationHelper.Frame&#39;. [C:\Users\Sujay\Desktop\samoke\Help\Working\BuildReferenceTopics.proj]
BuildAssembler : warning : ResolveReferenceLinksComponent: [M:foodez.Common.NavigationHelper.CanGoForward] Unknown reference link target &#39;P:foodez.Common.NavigationHelper.Frame&#39;. [C:\Users\Sujay\Desktop\samoke\Help\Working\BuildReferenceTopics.proj]
BuildAssembler : warning : ShowMissingComponent: [M:foodez.Common.ObservableDictionary.Add(System.Collections.Generic.KeyValuePair{System.String,System.Object})] Missing &lt;summary&gt; documentation [C:\Users\Sujay\Desktop\samoke\Help\Working\BuildReferenceTopics.proj]
BuildAssembler : warning : ShowMissingComponent: [M:foodez.Common.ObservableDictionary.Add(System.Collections.Generic.KeyValuePair{System.String,System.Object})] Missing &lt;param name=&quot;item&quot;/&gt; documentation [C:\Users\Sujay\Desktop\samoke\Help\Working\BuildReferenceTopics.proj]
BuildAssembler : warning : ShowMissingComponent: [M:foodez.Common.ObservableDictionary.Add(System.String,System.Object)] Missing &lt;summary&gt; documentation [C:\Users\Sujay\Desktop\samoke\Help\Working\BuildReferenceTopics.proj]
BuildAssembler : warning : ShowMissingComponent: [M:foodez.Common.ObservableDictionary.Add(System.String,System.Object)] Missing &lt;param name=&quot;key&quot;/&gt; documentation [C:\Users\Sujay\Desktop\samoke\Help\Working\BuildReferenceTopics.proj]
BuildAssembler : warning : ShowMissingComponent: [M:foodez.Common.ObservableDictionary.Add(System.String,System.Object)] Missing &lt;param name=&quot;value&quot;/&gt; documentation [C:\Users\Sujay\Desktop\samoke\Help\Working\BuildReferenceTopics.proj]
BuildAssembler : warning : ShowMissingComponent: [M:foodez.Common.ObservableDictionary.Clear] Missing &lt;summary&gt; documentation [C:\Users\Sujay\Desktop\samoke\Help\Working\BuildReferenceTopics.proj]
BuildAssembler : warning : ShowMissingComponent: [M:foodez.Common.ObservableDictionary.Contains(System.Collections.Generic.KeyValuePair{System.String,System.Object})] Missing &lt;summary&gt; documentation [C:\Users\Sujay\Desktop\samoke\Help\Working\BuildReferenceTopics.proj]
BuildAssembler : warning : ShowMissingComponent: [M:foodez.Common.ObservableDictionary.Contains(System.Collections.Generic.KeyValuePair{System.String,System.Object})] Missing &lt;returns&gt; documentation [C:\Users\Sujay\Desktop\samoke\Help\Working\BuildReferenceTopics.proj]
BuildAssembler : warning : ShowMissingComponent: [M:foodez.Common.ObservableDictionary.Contains(System.Collections.Generic.KeyValuePair{System.String,System.Object})] Missing &lt;param name=&quot;item&quot;/&gt; documentation [C:\Users\Sujay\Desktop\samoke\Help\Working\BuildReferenceTopics.proj]
BuildAssembler : warning : ShowMissingComponent: [M:foodez.Common.ObservableDictionary.ContainsKey(System.String)] Missing &lt;summary&gt; documentation [C:\Users\Sujay\Desktop\samoke\Help\Working\BuildReferenceTopics.proj]
BuildAssembler : warning : ShowMissingComponent: [M:foodez.Common.ObservableDictionary.ContainsKey(System.String)] Missing &lt;returns&gt; documentation [C:\Users\Sujay\Desktop\samoke\Help\Working\BuildReferenceTopics.proj]
BuildAssembler : warning : ShowMissingComponent: [M:foodez.Common.ObservableDictionary.ContainsKey(System.String)] Missing &lt;param name=&quot;key&quot;/&gt; documentation [C:\Users\Sujay\Desktop\samoke\Help\Working\BuildReferenceTopics.proj]
BuildAssembler : warning : ShowMissingComponent: [M:foodez.Common.ObservableDictionary.CopyTo(System.Collections.Generic.KeyValuePair{System.String,System.Object}[],System.Int32)] Missing &lt;summary&gt; documentation [C:\Users\Sujay\Desktop\samoke\Help\Working\BuildReferenceTopics.proj]
BuildAssembler : warning : ShowMissingComponent: [M:foodez.Common.ObservableDictionary.CopyTo(System.Collections.Generic.KeyValuePair{System.String,System.Object}[],System.Int32)] Missing &lt;param name=&quot;array&quot;/&gt; documentation [C:\Users\Sujay\Desktop\samoke\Help\Working\BuildReferenceTopics.proj]
BuildAssembler : warning : ShowMissingComponent: [M:foodez.Common.ObservableDictionary.CopyTo(System.Collections.Generic.KeyValuePair{System.String,System.Object}[],System.Int32)] Missing &lt;param name=&quot;arrayIndex&quot;/&gt; documentation [C:\Users\Sujay\Desktop\samoke\Help\Working\BuildReferenceTopics.proj]
BuildAssembler : warning : ShowMissingComponent: [P:foodez.Common.ObservableDictionary.Count] Missing &lt;summary&gt; documentation [C:\Users\Sujay\Desktop\samoke\Help\Working\BuildReferenceTopics.proj]
BuildAssembler : warning : ShowMissingComponent: [M:foodez.Common.ObservableDictionary.GetEnumerator] Missing &lt;summary&gt; documentation [C:\Users\Sujay\Desktop\samoke\Help\Working\BuildReferenceTopics.proj]
BuildAssembler : warning : ShowMissingComponent: [M:foodez.Common.ObservableDictionary.GetEnumerator] Missing &lt;returns&gt; documentation [C:\Users\Sujay\Desktop\samoke\Help\Working\BuildReferenceTopics.proj]
BuildAssembler : warning : ShowMissingComponent: [P:foodez.Common.ObservableDictionary.IsReadOnly] Missing &lt;summary&gt; documentation [C:\Users\Sujay\Desktop\samoke\Help\Working\BuildReferenceTopics.proj]
BuildAssembler : warning : ShowMissingComponent: [P:foodez.Common.ObservableDictionary.Item(System.String)] Missing &lt;summary&gt; documentation [C:\Users\Sujay\Desktop\samoke\Help\Working\BuildReferenceTopics.proj]
BuildAssembler : warning : ShowMissingComponent: [P:foodez.Common.ObservableDictionary.Keys] Missing &lt;summary&gt; documentation [C:\Users\Sujay\Desktop\samoke\Help\Working\BuildReferenceTopics.proj]
BuildAssembler : warning : ShowMissingComponent: [E:foodez.Common.ObservableDictionary.MapChanged] Missing &lt;summary&gt; documentation [C:\Users\Sujay\Desktop\samoke\Help\Working\BuildReferenceTopics.proj]
BuildAssembler : warning : ShowMissingComponent: [M:foodez.Common.ObservableDictionary.Remove(System.Collections.Generic.KeyValuePair{System.String,System.Object})] Missing &lt;summary&gt; documentation [C:\Users\Sujay\Desktop\samoke\Help\Working\BuildReferenceTopics.proj]
BuildAssembler : warning : ShowMissingComponent: [M:foodez.Common.ObservableDictionary.Remove(System.Collections.Generic.KeyValuePair{System.String,System.Object})] Missing &lt;returns&gt; documentation [C:\Users\Sujay\Desktop\samoke\Help\Working\BuildReferenceTopics.proj]
BuildAssembler : warning : ShowMissingComponent: [M:foodez.Common.ObservableDictionary.Remove(System.Collections.Generic.KeyValuePair{System.String,System.Object})] Missing &lt;param name=&quot;item&quot;/&gt; documentation [C:\Users\Sujay\Desktop\samoke\Help\Working\BuildReferenceTopics.proj]
BuildAssembler : warning : ShowMissingComponent: [M:foodez.Common.ObservableDictionary.Remove(System.String)] Missing &lt;summary&gt; documentation [C:\Users\Sujay\Desktop\samoke\Help\Working\BuildReferenceTopics.proj]
BuildAssembler : warning : ShowMissingComponent: [M:foodez.Common.ObservableDictionary.Remove(System.String)] Missing &lt;returns&gt; documentation [C:\Users\Sujay\Desktop\samoke\Help\Working\BuildReferenceTopics.proj]
BuildAssembler : warning : ShowMissingComponent: [M:foodez.Common.ObservableDictionary.Remove(System.String)] Missing &lt;param name=&quot;key&quot;/&gt; documentation [C:\Users\Sujay\Desktop\samoke\Help\Working\BuildReferenceTopics.proj]
BuildAssembler : warning : ShowMissingComponent: [M:foodez.Common.ObservableDictionary.TryGetValue(System.String,System.Object@)] Missing &lt;summary&gt; documentation [C:\Users\Sujay\Desktop\samoke\Help\Working\BuildReferenceTopics.proj]
BuildAssembler : warning : ShowMissingComponent: [M:foodez.Common.ObservableDictionary.TryGetValue(System.String,System.Object@)] Missing &lt;returns&gt; documentation [C:\Users\Sujay\Desktop\samoke\Help\Working\BuildReferenceTopics.proj]
BuildAssembler : warning : ShowMissingComponent: [M:foodez.Common.ObservableDictionary.TryGetValue(System.String,System.Object@)] Missing &lt;param name=&quot;key&quot;/&gt; documentation [C:\Users\Sujay\Desktop\samoke\Help\Working\BuildReferenceTopics.proj]
BuildAssembler : warning : ShowMissingComponent: [M:foodez.Common.ObservableDictionary.TryGetValue(System.String,System.Object@)] Missing &lt;param name=&quot;value&quot;/&gt; documentation [C:\Users\Sujay\Desktop\samoke\Help\Working\BuildReferenceTopics.proj]
BuildAssembler : warning : ShowMissingComponent: [P:foodez.Common.ObservableDictionary.Values] Missing &lt;summary&gt; documentation [C:\Users\Sujay\Desktop\samoke\Help\Working\BuildReferenceTopics.proj]
BuildAssembler : warning : ShowMissingComponent: [T:foodez.Common.SuspensionManagerException] Missing &lt;summary&gt; documentation [C:\Users\Sujay\Desktop\samoke\Help\Working\BuildReferenceTopics.proj]
BuildAssembler : warning : ShowMissingComponent: [M:foodez.Common.SuspensionManagerException.#ctor(System.Exception)] Missing &lt;param name=&quot;e&quot;/&gt; documentation [C:\Users\Sujay\Desktop\samoke\Help\Working\BuildReferenceTopics.proj]
BuildAssembler : warning : ShowMissingComponent: [N:foodez.Common.JumpList] Missing &lt;summary&gt; documentation [C:\Users\Sujay\Desktop\samoke\Help\Working\BuildReferenceTopics.proj]
BuildAssembler : warning : ShowMissingComponent: [T:foodez.Common.JumpList.JumpListGroup`1] Missing &lt;summary&gt; documentation [C:\Users\Sujay\Desktop\samoke\Help\Working\BuildReferenceTopics.proj]
BuildAssembler : warning : ShowMissingComponent: [T:foodez.Common.JumpList.JumpListGroup`1] Missing &lt;typeparam name=&quot;T&quot;/&gt; documentation [C:\Users\Sujay\Desktop\samoke\Help\Working\BuildReferenceTopics.proj]
BuildAssembler : warning : ShowMissingComponent: [M:foodez.Common.JumpList.JumpListGroup`1.GetEnumerator] Missing &lt;summary&gt; documentation [C:\Users\Sujay\Desktop\samoke\Help\Working\BuildReferenceTopics.proj]
BuildAssembler : warning : ShowMissingComponent: [M:foodez.Common.JumpList.JumpListGroup`1.GetEnumerator] Missing &lt;returns&gt; documentation [C:\Users\Sujay\Desktop\samoke\Help\Working\BuildReferenceTopics.proj]
BuildAssembler : warning : ShowMissingComponent: [T:foodez.Common.JumpList.JumpListHelper] Missing &lt;summary&gt; documentation [C:\Users\Sujay\Desktop\samoke\Help\Working\BuildReferenceTopics.proj]
BuildAssembler : warning : ShowMissingComponent: [N:foodez.ManagerPages] Missing &lt;summary&gt; documentation [C:\Users\Sujay\Desktop\samoke\Help\Working\BuildReferenceTopics.proj]
BuildAssembler : warning : ShowMissingComponent: [M:foodez.ManagerPages.BusinessStats.Connect(System.Int32,System.Object)] Missing &lt;summary&gt; documentation [C:\Users\Sujay\Desktop\samoke\Help\Working\BuildReferenceTopics.proj]
BuildAssembler : warning : ShowMissingComponent: [M:foodez.ManagerPages.BusinessStats.Connect(System.Int32,System.Object)] Missing &lt;param name=&quot;connectionId&quot;/&gt; documentation [C:\Users\Sujay\Desktop\samoke\Help\Working\BuildReferenceTopics.proj]
BuildAssembler : warning : ShowMissingComponent: [M:foodez.ManagerPages.BusinessStats.Connect(System.Int32,System.Object)] Missing &lt;param name=&quot;target&quot;/&gt; documentation [C:\Users\Sujay\Desktop\samoke\Help\Working\BuildReferenceTopics.proj]
BuildAssembler : warning : ShowMissingComponent: [M:foodez.ManagerPages.BusinessStats.InitializeComponent] Missing &lt;summary&gt; documentation [C:\Users\Sujay\Desktop\samoke\Help\Working\BuildReferenceTopics.proj]
BuildAssembler : warning : ShowMissingComponent: [M:foodez.ManagerPages.EmployeeInfo.Connect(System.Int32,System.Object)] Missing &lt;summary&gt; documentation [C:\Users\Sujay\Desktop\samoke\Help\Working\BuildReferenceTopics.proj]
BuildAssembler : warning : ShowMissingComponent: [M:foodez.ManagerPages.EmployeeInfo.Connect(System.Int32,System.Object)] Missing &lt;param name=&quot;connectionId&quot;/&gt; documentation [C:\Users\Sujay\Desktop\samoke\Help\Working\BuildReferenceTopics.proj]
BuildAssembler : warning : ShowMissingComponent: [M:foodez.ManagerPages.EmployeeInfo.Connect(System.Int32,System.Object)] Missing &lt;param name=&quot;target&quot;/&gt; documentation [C:\Users\Sujay\Desktop\samoke\Help\Working\BuildReferenceTopics.proj]
BuildAssembler : warning : ShowMissingComponent: [M:foodez.ManagerPages.EmployeeInfo.GetEmployees] Missing &lt;returns&gt; documentation [C:\Users\Sujay\Desktop\samoke\Help\Working\BuildReferenceTopics.proj]
BuildAssembler : warning : ShowMissingComponent: [M:foodez.ManagerPages.EmployeeInfo.InitializeComponent] Missing &lt;summary&gt; documentation [C:\Users\Sujay\Desktop\samoke\Help\Working\BuildReferenceTopics.proj]
BuildAssembler : warning : ShowMissingComponent: [M:foodez.ManagerPages.ManageEmployees.Connect(System.Int32,System.Object)] Missing &lt;summary&gt; documentation [C:\Users\Sujay\Desktop\samoke\Help\Working\BuildReferenceTopics.proj]
BuildAssembler : warning : ShowMissingComponent: [M:foodez.ManagerPages.ManageEmployees.Connect(System.Int32,System.Object)] Missing &lt;param name=&quot;connectionId&quot;/&gt; documentation [C:\Users\Sujay\Desktop\samoke\Help\Working\BuildReferenceTopics.proj]
BuildAssembler : warning : ShowMissingComponent: [M:foodez.ManagerPages.ManageEmployees.Connect(System.Int32,System.Object)] Missing &lt;param name=&quot;target&quot;/&gt; documentation [C:\Users\Sujay\Desktop\samoke\Help\Working\BuildReferenceTopics.proj]
BuildAssembler : warning : ShowMissingComponent: [M:foodez.ManagerPages.ManageEmployees.GetEmployees] Missing &lt;returns&gt; documentation [C:\Users\Sujay\Desktop\samoke\Help\Working\BuildReferenceTopics.proj]
BuildAssembler : warning : ShowMissingComponent: [M:foodez.ManagerPages.ManageEmployees.InitializeComponent] Missing &lt;summary&gt; documentation [C:\Users\Sujay\Desktop\samoke\Help\Working\BuildReferenceTopics.proj]
BuildAssembler : warning : ShowMissingComponent: [M:foodez.ManagerPages.ManagerMain.Connect(System.Int32,System.Object)] Missing &lt;summary&gt; documentation [C:\Users\Sujay\Desktop\samoke\Help\Working\BuildReferenceTopics.proj]
BuildAssembler : warning : ShowMissingComponent: [M:foodez.ManagerPages.ManagerMain.Connect(System.Int32,System.Object)] Missing &lt;param name=&quot;connectionId&quot;/&gt; documentation [C:\Users\Sujay\Desktop\samoke\Help\Working\BuildReferenceTopics.proj]
BuildAssembler : warning : ShowMissingComponent: [M:foodez.ManagerPages.ManagerMain.Connect(System.Int32,System.Object)] Missing &lt;param name=&quot;target&quot;/&gt; documentation [C:\Users\Sujay\Desktop\samoke\Help\Working\BuildReferenceTopics.proj]
BuildAssembler : warning : ShowMissingComponent: [M:foodez.ManagerPages.ManagerMain.InitializeComponent] Missing &lt;summary&gt; documentation [C:\Users\Sujay\Desktop\samoke\Help\Working\BuildReferenceTopics.proj]
BuildAssembler : warning : ShowMissingComponent: [N:foodez.SharedPages] Missing &lt;summary&gt; documentation [C:\Users\Sujay\Desktop\samoke\Help\Working\BuildReferenceTopics.proj]
BuildAssembler : warning : ShowMissingComponent: [M:foodez.SharedPages.FloorPlan.Connect(System.Int32,System.Object)] Missing &lt;summary&gt; documentation [C:\Users\Sujay\Desktop\samoke\Help\Working\BuildReferenceTopics.proj]
BuildAssembler : warning : ShowMissingComponent: [M:foodez.SharedPages.FloorPlan.Connect(System.Int32,System.Object)] Missing &lt;param name=&quot;connectionId&quot;/&gt; documentation [C:\Users\Sujay\Desktop\samoke\Help\Working\BuildReferenceTopics.proj]
BuildAssembler : warning : ShowMissingComponent: [M:foodez.SharedPages.FloorPlan.Connect(System.Int32,System.Object)] Missing &lt;param name=&quot;target&quot;/&gt; documentation [C:\Users\Sujay\Desktop\samoke\Help\Working\BuildReferenceTopics.proj]
BuildAssembler : warning : ShowMissingComponent: [M:foodez.SharedPages.FloorPlan.GetColor(foodez.Table)] Missing &lt;returns&gt; documentation [C:\Users\Sujay\Desktop\samoke\Help\Working\BuildReferenceTopics.proj]
BuildAssembler : warning : ShowMissingComponent: [M:foodez.SharedPages.FloorPlan.GetTables] Missing &lt;summary&gt; documentation [C:\Users\Sujay\Desktop\samoke\Help\Working\BuildReferenceTopics.proj]
BuildAssembler : warning : ShowMissingComponent: [M:foodez.SharedPages.FloorPlan.GetTables] Missing &lt;returns&gt; documentation [C:\Users\Sujay\Desktop\samoke\Help\Working\BuildReferenceTopics.proj]
BuildAssembler : warning : ShowMissingComponent: [M:foodez.SharedPages.FloorPlan.InitializeComponent] Missing &lt;summary&gt; documentation [C:\Users\Sujay\Desktop\samoke\Help\Working\BuildReferenceTopics.proj]
BuildAssembler : warning : ShowMissingComponent: [M:foodez.SharedPages.FloorPlan.UpdateTable(System.Int32)] Missing &lt;returns&gt; documentation [C:\Users\Sujay\Desktop\samoke\Help\Working\BuildReferenceTopics.proj]
BuildAssembler : warning : ShowMissingComponent: [N:foodez.WaiterPages] Missing &lt;summary&gt; documentation [C:\Users\Sujay\Desktop\samoke\Help\Working\BuildReferenceTopics.proj]
BuildAssembler : warning : ShowMissingComponent: [M:foodez.WaiterPages.FoodMenuPage.Connect(System.Int32,System.Object)] Missing &lt;summary&gt; documentation [C:\Users\Sujay\Desktop\samoke\Help\Working\BuildReferenceTopics.proj]
BuildAssembler : warning : ShowMissingComponent: [M:foodez.WaiterPages.FoodMenuPage.Connect(System.Int32,System.Object)] Missing &lt;param name=&quot;connectionId&quot;/&gt; documentation [C:\Users\Sujay\Desktop\samoke\Help\Working\BuildReferenceTopics.proj]
BuildAssembler : warning : ShowMissingComponent: [M:foodez.WaiterPages.FoodMenuPage.Connect(System.Int32,System.Object)] Missing &lt;param name=&quot;target&quot;/&gt; documentation [C:\Users\Sujay\Desktop\samoke\Help\Working\BuildReferenceTopics.proj]
BuildAssembler : warning : ShowMissingComponent: [M:foodez.WaiterPages.FoodMenuPage.GetMenuItems] Missing &lt;returns&gt; documentation [C:\Users\Sujay\Desktop\samoke\Help\Working\BuildReferenceTopics.proj]
BuildAssembler : warning : ShowMissingComponent: [M:foodez.WaiterPages.FoodMenuPage.GetOrderList(System.String)] Missing &lt;returns&gt; documentation [C:\Users\Sujay\Desktop\samoke\Help\Working\BuildReferenceTopics.proj]
BuildAssembler : warning : ShowMissingComponent: [M:foodez.WaiterPages.FoodMenuPage.GetOrderNum] Missing &lt;returns&gt; documentation [C:\Users\Sujay\Desktop\samoke\Help\Working\BuildReferenceTopics.proj]
BuildAssembler : warning : ShowMissingComponent: [M:foodez.WaiterPages.FoodMenuPage.GetTables] Missing &lt;returns&gt; documentation [C:\Users\Sujay\Desktop\samoke\Help\Working\BuildReferenceTopics.proj]
BuildAssembler : warning : ShowMissingComponent: [M:foodez.WaiterPages.FoodMenuPage.InitializeComponent] Missing &lt;summary&gt; documentation [C:\Users\Sujay\Desktop\samoke\Help\Working\BuildReferenceTopics.proj]
BuildAssembler : warning : ShowMissingComponent: [F:foodez.WaiterPages.FoodMenuPage.OrderIndex] Missing &lt;summary&gt; documentation [C:\Users\Sujay\Desktop\samoke\Help\Working\BuildReferenceTopics.proj]
BuildAssembler : warning : ShowMissingComponent: [M:foodez.WaiterPages.FoodMenuPage.UpdateTable] Missing &lt;returns&gt; documentation [C:\Users\Sujay\Desktop\samoke\Help\Working\BuildReferenceTopics.proj]
BuildAssembler : warning : ShowMissingComponent: [M:foodez.WaiterPages.OrderProgress.Connect(System.Int32,System.Object)] Missing &lt;summary&gt; documentation [C:\Users\Sujay\Desktop\samoke\Help\Working\BuildReferenceTopics.proj]
BuildAssembler : warning : ShowMissingComponent: [M:foodez.WaiterPages.OrderProgress.Connect(System.Int32,System.Object)] Missing &lt;param name=&quot;connectionId&quot;/&gt; documentation [C:\Users\Sujay\Desktop\samoke\Help\Working\BuildReferenceTopics.proj]
BuildAssembler : warning : ShowMissingComponent: [M:foodez.WaiterPages.OrderProgress.Connect(System.Int32,System.Object)] Missing &lt;param name=&quot;target&quot;/&gt; documentation [C:\Users\Sujay\Desktop\samoke\Help\Working\BuildReferenceTopics.proj]
BuildAssembler : warning : ShowMissingComponent: [M:foodez.WaiterPages.OrderProgress.GetOrderList] Missing &lt;returns&gt; documentation [C:\Users\Sujay\Desktop\samoke\Help\Working\BuildReferenceTopics.proj]
BuildAssembler : warning : ShowMissingComponent: [M:foodez.WaiterPages.OrderProgress.GetOrders] Missing &lt;returns&gt; documentation [C:\Users\Sujay\Desktop\samoke\Help\Working\BuildReferenceTopics.proj]
BuildAssembler : warning : ShowMissingComponent: [M:foodez.WaiterPages.OrderProgress.GetProgress] Missing &lt;returns&gt; documentation [C:\Users\Sujay\Desktop\samoke\Help\Working\BuildReferenceTopics.proj]
BuildAssembler : warning : ShowMissingComponent: [M:foodez.WaiterPages.OrderProgress.InitializeComponent] Missing &lt;summary&gt; documentation [C:\Users\Sujay\Desktop\samoke\Help\Working\BuildReferenceTopics.proj]
BuildAssembler : warning : ShowMissingComponent: [M:foodez.WaiterPages.WaiterMain.Connect(System.Int32,System.Object)] Missing &lt;summary&gt; documentation [C:\Users\Sujay\Desktop\samoke\Help\Working\BuildReferenceTopics.proj]
BuildAssembler : warning : ShowMissingComponent: [M:foodez.WaiterPages.WaiterMain.Connect(System.Int32,System.Object)] Missing &lt;param name=&quot;connectionId&quot;/&gt; documentation [C:\Users\Sujay\Desktop\samoke\Help\Working\BuildReferenceTopics.proj]
BuildAssembler : warning : ShowMissingComponent: [M:foodez.WaiterPages.WaiterMain.Connect(System.Int32,System.Object)] Missing &lt;param name=&quot;target&quot;/&gt; documentation [C:\Users\Sujay\Desktop\samoke\Help\Working\BuildReferenceTopics.proj]
BuildAssembler : warning : ShowMissingComponent: [M:foodez.WaiterPages.WaiterMain.InitializeComponent] Missing &lt;summary&gt; documentation [C:\Users\Sujay\Desktop\samoke\Help\Working\BuildReferenceTopics.proj]
  Processed 321 topic(s)
  208 warning(s)
  CopyFromIndexComponent: &quot;reflection&quot; in-memory cache entries used: 11 of 15.
  CopyFromIndexComponent: &quot;comments&quot; in-memory cache entries used: 4 of 30.
  ResolveReferenceLinksComponent: New MSDN content ID cache size: 246 entries
Done Building Project &quot;C:\Users\Sujay\Desktop\samoke\Help\Working\BuildReferenceTopics.proj&quot; (default targets).

Build succeeded.

Time Elapsed 00:01:37.80
    Last step completed in 00:01:37.9924
</buildStep>
<buildStep step="CombiningIntermediateTocFiles">
Combining conceptual and API intermediate TOC files...

Clearing any prior web output
    Last step completed in 00:00:00.0080
</buildStep>
<buildStep step="ExtractingHtmlInfo">
Extracting HTML info for HTML Help 1 and/or website...
[C:\Windows\Microsoft.NET\Framework64\v4.0.30319\MSBuild.exe]
Sandcastle Help File Builder, version 2015.1.12.0
Copyright c 2006-2015, Eric Woodruff, All Rights Reserved
E-Mail: Eric@EWoodruff.us

Using LCID &#39;1033&#39;, code page &#39;65001&#39;, encoding charset &#39;UTF-8&#39;.

Processing Help 1 files in C:\Users\Sujay\Desktop\samoke\Help\Working\Output\HtmlHelp1
Processed 321 HTML files
Sorting keywords and generating See Also indices
Saving HTML Help 1 keyword index to C:\Users\Sujay\Desktop\samoke\Help\Working\Documentation.hhk
Saving HTML Help 1 table of contents to C:\Users\Sujay\Desktop\samoke\Help\Working\Documentation.hhc

Processing website files in C:\Users\Sujay\Desktop\samoke\Help\Working\Output\Website
Processed 321 HTML files
Sorting keywords and generating See Also indices
Saving website keyword index to C:\Users\Sujay\Desktop\samoke\Help\Working\WebKI.xml
Saving website table of contents to C:\Users\Sujay\Desktop\samoke\Help\Working\WebTOC.xml
    Last step completed in 00:00:02.2531
</buildStep>
<buildStep step="CopyStandardHelpContent">
Copying standard help content...
C:\Program Files (x86)\EWSoftware\Sandcastle Help File Builder\PresentationStyles\VS2013\icons\AlertCaution.png -&gt; C:\Users\Sujay\Desktop\samoke\Help\Working\Output\HtmlHelp1\icons\AlertCaution.png
C:\Program Files (x86)\EWSoftware\Sandcastle Help File Builder\PresentationStyles\VS2013\icons\AlertNote.png -&gt; C:\Users\Sujay\Desktop\samoke\Help\Working\Output\HtmlHelp1\icons\AlertNote.png
C:\Program Files (x86)\EWSoftware\Sandcastle Help File Builder\PresentationStyles\VS2013\icons\AlertSecurity.png -&gt; C:\Users\Sujay\Desktop\samoke\Help\Working\Output\HtmlHelp1\icons\AlertSecurity.png
C:\Program Files (x86)\EWSoftware\Sandcastle Help File Builder\PresentationStyles\VS2013\icons\CFW.gif -&gt; C:\Users\Sujay\Desktop\samoke\Help\Working\Output\HtmlHelp1\icons\CFW.gif
C:\Program Files (x86)\EWSoftware\Sandcastle Help File Builder\PresentationStyles\VS2013\icons\CodeExample.png -&gt; C:\Users\Sujay\Desktop\samoke\Help\Working\Output\HtmlHelp1\icons\CodeExample.png
C:\Program Files (x86)\EWSoftware\Sandcastle Help File Builder\PresentationStyles\VS2013\icons\favicon.ico -&gt; C:\Users\Sujay\Desktop\samoke\Help\Working\Output\HtmlHelp1\icons\favicon.ico
C:\Program Files (x86)\EWSoftware\Sandcastle Help File Builder\PresentationStyles\VS2013\icons\privclass.gif -&gt; C:\Users\Sujay\Desktop\samoke\Help\Working\Output\HtmlHelp1\icons\privclass.gif
C:\Program Files (x86)\EWSoftware\Sandcastle Help File Builder\PresentationStyles\VS2013\icons\privdelegate.gif -&gt; C:\Users\Sujay\Desktop\samoke\Help\Working\Output\HtmlHelp1\icons\privdelegate.gif
C:\Program Files (x86)\EWSoftware\Sandcastle Help File Builder\PresentationStyles\VS2013\icons\privenumeration.gif -&gt; C:\Users\Sujay\Desktop\samoke\Help\Working\Output\HtmlHelp1\icons\privenumeration.gif
C:\Program Files (x86)\EWSoftware\Sandcastle Help File Builder\PresentationStyles\VS2013\icons\privevent.gif -&gt; C:\Users\Sujay\Desktop\samoke\Help\Working\Output\HtmlHelp1\icons\privevent.gif
C:\Program Files (x86)\EWSoftware\Sandcastle Help File Builder\PresentationStyles\VS2013\icons\privextension.gif -&gt; C:\Users\Sujay\Desktop\samoke\Help\Working\Output\HtmlHelp1\icons\privextension.gif
C:\Program Files (x86)\EWSoftware\Sandcastle Help File Builder\PresentationStyles\VS2013\icons\privfield.gif -&gt; C:\Users\Sujay\Desktop\samoke\Help\Working\Output\HtmlHelp1\icons\privfield.gif
C:\Program Files (x86)\EWSoftware\Sandcastle Help File Builder\PresentationStyles\VS2013\icons\privinterface.gif -&gt; C:\Users\Sujay\Desktop\samoke\Help\Working\Output\HtmlHelp1\icons\privinterface.gif
C:\Program Files (x86)\EWSoftware\Sandcastle Help File Builder\PresentationStyles\VS2013\icons\privmethod.gif -&gt; C:\Users\Sujay\Desktop\samoke\Help\Working\Output\HtmlHelp1\icons\privmethod.gif
C:\Program Files (x86)\EWSoftware\Sandcastle Help File Builder\PresentationStyles\VS2013\icons\privproperty.gif -&gt; C:\Users\Sujay\Desktop\samoke\Help\Working\Output\HtmlHelp1\icons\privproperty.gif
C:\Program Files (x86)\EWSoftware\Sandcastle Help File Builder\PresentationStyles\VS2013\icons\privstructure.gif -&gt; C:\Users\Sujay\Desktop\samoke\Help\Working\Output\HtmlHelp1\icons\privstructure.gif
C:\Program Files (x86)\EWSoftware\Sandcastle Help File Builder\PresentationStyles\VS2013\icons\protclass.gif -&gt; C:\Users\Sujay\Desktop\samoke\Help\Working\Output\HtmlHelp1\icons\protclass.gif
C:\Program Files (x86)\EWSoftware\Sandcastle Help File Builder\PresentationStyles\VS2013\icons\protdelegate.gif -&gt; C:\Users\Sujay\Desktop\samoke\Help\Working\Output\HtmlHelp1\icons\protdelegate.gif
C:\Program Files (x86)\EWSoftware\Sandcastle Help File Builder\PresentationStyles\VS2013\icons\protenumeration.gif -&gt; C:\Users\Sujay\Desktop\samoke\Help\Working\Output\HtmlHelp1\icons\protenumeration.gif
C:\Program Files (x86)\EWSoftware\Sandcastle Help File Builder\PresentationStyles\VS2013\icons\protevent.gif -&gt; C:\Users\Sujay\Desktop\samoke\Help\Working\Output\HtmlHelp1\icons\protevent.gif
C:\Program Files (x86)\EWSoftware\Sandcastle Help File Builder\PresentationStyles\VS2013\icons\protextension.gif -&gt; C:\Users\Sujay\Desktop\samoke\Help\Working\Output\HtmlHelp1\icons\protextension.gif
C:\Program Files (x86)\EWSoftware\Sandcastle Help File Builder\PresentationStyles\VS2013\icons\protfield.gif -&gt; C:\Users\Sujay\Desktop\samoke\Help\Working\Output\HtmlHelp1\icons\protfield.gif
C:\Program Files (x86)\EWSoftware\Sandcastle Help File Builder\PresentationStyles\VS2013\icons\protinterface.gif -&gt; C:\Users\Sujay\Desktop\samoke\Help\Working\Output\HtmlHelp1\icons\protinterface.gif
C:\Program Files (x86)\EWSoftware\Sandcastle Help File Builder\PresentationStyles\VS2013\icons\protmethod.gif -&gt; C:\Users\Sujay\Desktop\samoke\Help\Working\Output\HtmlHelp1\icons\protmethod.gif
C:\Program Files (x86)\EWSoftware\Sandcastle Help File Builder\PresentationStyles\VS2013\icons\protoperator.gif -&gt; C:\Users\Sujay\Desktop\samoke\Help\Working\Output\HtmlHelp1\icons\protoperator.gif
C:\Program Files (x86)\EWSoftware\Sandcastle Help File Builder\PresentationStyles\VS2013\icons\protproperty.gif -&gt; C:\Users\Sujay\Desktop\samoke\Help\Working\Output\HtmlHelp1\icons\protproperty.gif
C:\Program Files (x86)\EWSoftware\Sandcastle Help File Builder\PresentationStyles\VS2013\icons\protstructure.gif -&gt; C:\Users\Sujay\Desktop\samoke\Help\Working\Output\HtmlHelp1\icons\protstructure.gif
C:\Program Files (x86)\EWSoftware\Sandcastle Help File Builder\PresentationStyles\VS2013\icons\pubclass.gif -&gt; C:\Users\Sujay\Desktop\samoke\Help\Working\Output\HtmlHelp1\icons\pubclass.gif
C:\Program Files (x86)\EWSoftware\Sandcastle Help File Builder\PresentationStyles\VS2013\icons\pubdelegate.gif -&gt; C:\Users\Sujay\Desktop\samoke\Help\Working\Output\HtmlHelp1\icons\pubdelegate.gif
C:\Program Files (x86)\EWSoftware\Sandcastle Help File Builder\PresentationStyles\VS2013\icons\pubenumeration.gif -&gt; C:\Users\Sujay\Desktop\samoke\Help\Working\Output\HtmlHelp1\icons\pubenumeration.gif
C:\Program Files (x86)\EWSoftware\Sandcastle Help File Builder\PresentationStyles\VS2013\icons\pubevent.gif -&gt; C:\Users\Sujay\Desktop\samoke\Help\Working\Output\HtmlHelp1\icons\pubevent.gif
C:\Program Files (x86)\EWSoftware\Sandcastle Help File Builder\PresentationStyles\VS2013\icons\pubextension.gif -&gt; C:\Users\Sujay\Desktop\samoke\Help\Working\Output\HtmlHelp1\icons\pubextension.gif
C:\Program Files (x86)\EWSoftware\Sandcastle Help File Builder\PresentationStyles\VS2013\icons\pubfield.gif -&gt; C:\Users\Sujay\Desktop\samoke\Help\Working\Output\HtmlHelp1\icons\pubfield.gif
C:\Program Files (x86)\EWSoftware\Sandcastle Help File Builder\PresentationStyles\VS2013\icons\pubinterface.gif -&gt; C:\Users\Sujay\Desktop\samoke\Help\Working\Output\HtmlHelp1\icons\pubinterface.gif
C:\Program Files (x86)\EWSoftware\Sandcastle Help File Builder\PresentationStyles\VS2013\icons\pubmethod.gif -&gt; C:\Users\Sujay\Desktop\samoke\Help\Working\Output\HtmlHelp1\icons\pubmethod.gif
C:\Program Files (x86)\EWSoftware\Sandcastle Help File Builder\PresentationStyles\VS2013\icons\puboperator.gif -&gt; C:\Users\Sujay\Desktop\samoke\Help\Working\Output\HtmlHelp1\icons\puboperator.gif
C:\Program Files (x86)\EWSoftware\Sandcastle Help File Builder\PresentationStyles\VS2013\icons\pubproperty.gif -&gt; C:\Users\Sujay\Desktop\samoke\Help\Working\Output\HtmlHelp1\icons\pubproperty.gif
C:\Program Files (x86)\EWSoftware\Sandcastle Help File Builder\PresentationStyles\VS2013\icons\pubstructure.gif -&gt; C:\Users\Sujay\Desktop\samoke\Help\Working\Output\HtmlHelp1\icons\pubstructure.gif
C:\Program Files (x86)\EWSoftware\Sandcastle Help File Builder\PresentationStyles\VS2013\icons\SectionCollapsed.png -&gt; C:\Users\Sujay\Desktop\samoke\Help\Working\Output\HtmlHelp1\icons\SectionCollapsed.png
C:\Program Files (x86)\EWSoftware\Sandcastle Help File Builder\PresentationStyles\VS2013\icons\SectionExpanded.png -&gt; C:\Users\Sujay\Desktop\samoke\Help\Working\Output\HtmlHelp1\icons\SectionExpanded.png
C:\Program Files (x86)\EWSoftware\Sandcastle Help File Builder\PresentationStyles\VS2013\icons\slMobile.gif -&gt; C:\Users\Sujay\Desktop\samoke\Help\Working\Output\HtmlHelp1\icons\slMobile.gif
C:\Program Files (x86)\EWSoftware\Sandcastle Help File Builder\PresentationStyles\VS2013\icons\static.gif -&gt; C:\Users\Sujay\Desktop\samoke\Help\Working\Output\HtmlHelp1\icons\static.gif
C:\Program Files (x86)\EWSoftware\Sandcastle Help File Builder\PresentationStyles\VS2013\icons\xna.gif -&gt; C:\Users\Sujay\Desktop\samoke\Help\Working\Output\HtmlHelp1\icons\xna.gif
C:\Program Files (x86)\EWSoftware\Sandcastle Help File Builder\PresentationStyles\VS2013\scripts\branding.js -&gt; C:\Users\Sujay\Desktop\samoke\Help\Working\Output\HtmlHelp1\scripts\branding.js
C:\Program Files (x86)\EWSoftware\Sandcastle Help File Builder\PresentationStyles\VS2013\styles\branding-cs-CZ.css -&gt; C:\Users\Sujay\Desktop\samoke\Help\Working\Output\HtmlHelp1\styles\branding-cs-CZ.css
C:\Program Files (x86)\EWSoftware\Sandcastle Help File Builder\PresentationStyles\VS2013\styles\branding-de-DE.css -&gt; C:\Users\Sujay\Desktop\samoke\Help\Working\Output\HtmlHelp1\styles\branding-de-DE.css
C:\Program Files (x86)\EWSoftware\Sandcastle Help File Builder\PresentationStyles\VS2013\styles\branding-en-US.css -&gt; C:\Users\Sujay\Desktop\samoke\Help\Working\Output\HtmlHelp1\styles\branding-en-US.css
C:\Program Files (x86)\EWSoftware\Sandcastle Help File Builder\PresentationStyles\VS2013\styles\branding-es-ES.css -&gt; C:\Users\Sujay\Desktop\samoke\Help\Working\Output\HtmlHelp1\styles\branding-es-ES.css
C:\Program Files (x86)\EWSoftware\Sandcastle Help File Builder\PresentationStyles\VS2013\styles\branding-fr-FR.css -&gt; C:\Users\Sujay\Desktop\samoke\Help\Working\Output\HtmlHelp1\styles\branding-fr-FR.css
C:\Program Files (x86)\EWSoftware\Sandcastle Help File Builder\PresentationStyles\VS2013\styles\branding-Help1.css -&gt; C:\Users\Sujay\Desktop\samoke\Help\Working\Output\HtmlHelp1\styles\branding-Help1.css
C:\Program Files (x86)\EWSoftware\Sandcastle Help File Builder\PresentationStyles\VS2013\styles\branding-Help2.css -&gt; C:\Users\Sujay\Desktop\samoke\Help\Working\Output\HtmlHelp1\styles\branding-Help2.css
C:\Program Files (x86)\EWSoftware\Sandcastle Help File Builder\PresentationStyles\VS2013\styles\branding-HelpViewer.css -&gt; C:\Users\Sujay\Desktop\samoke\Help\Working\Output\HtmlHelp1\styles\branding-HelpViewer.css
C:\Program Files (x86)\EWSoftware\Sandcastle Help File Builder\PresentationStyles\VS2013\styles\branding-it-IT.css -&gt; C:\Users\Sujay\Desktop\samoke\Help\Working\Output\HtmlHelp1\styles\branding-it-IT.css
C:\Program Files (x86)\EWSoftware\Sandcastle Help File Builder\PresentationStyles\VS2013\styles\branding-ja-JP.css -&gt; C:\Users\Sujay\Desktop\samoke\Help\Working\Output\HtmlHelp1\styles\branding-ja-JP.css
C:\Program Files (x86)\EWSoftware\Sandcastle Help File Builder\PresentationStyles\VS2013\styles\branding-ko-KR.css -&gt; C:\Users\Sujay\Desktop\samoke\Help\Working\Output\HtmlHelp1\styles\branding-ko-KR.css
C:\Program Files (x86)\EWSoftware\Sandcastle Help File Builder\PresentationStyles\VS2013\styles\branding-pl-PL.css -&gt; C:\Users\Sujay\Desktop\samoke\Help\Working\Output\HtmlHelp1\styles\branding-pl-PL.css
C:\Program Files (x86)\EWSoftware\Sandcastle Help File Builder\PresentationStyles\VS2013\styles\branding-pt-BR.css -&gt; C:\Users\Sujay\Desktop\samoke\Help\Working\Output\HtmlHelp1\styles\branding-pt-BR.css
C:\Program Files (x86)\EWSoftware\Sandcastle Help File Builder\PresentationStyles\VS2013\styles\branding-ru-RU.css -&gt; C:\Users\Sujay\Desktop\samoke\Help\Working\Output\HtmlHelp1\styles\branding-ru-RU.css
C:\Program Files (x86)\EWSoftware\Sandcastle Help File Builder\PresentationStyles\VS2013\styles\branding-tr-TR.css -&gt; C:\Users\Sujay\Desktop\samoke\Help\Working\Output\HtmlHelp1\styles\branding-tr-TR.css
C:\Program Files (x86)\EWSoftware\Sandcastle Help File Builder\PresentationStyles\VS2013\styles\branding-Website.css -&gt; C:\Users\Sujay\Desktop\samoke\Help\Working\Output\HtmlHelp1\styles\branding-Website.css
C:\Program Files (x86)\EWSoftware\Sandcastle Help File Builder\PresentationStyles\VS2013\styles\branding-zh-CN.css -&gt; C:\Users\Sujay\Desktop\samoke\Help\Working\Output\HtmlHelp1\styles\branding-zh-CN.css
C:\Program Files (x86)\EWSoftware\Sandcastle Help File Builder\PresentationStyles\VS2013\styles\branding-zh-TW.css -&gt; C:\Users\Sujay\Desktop\samoke\Help\Working\Output\HtmlHelp1\styles\branding-zh-TW.css
C:\Program Files (x86)\EWSoftware\Sandcastle Help File Builder\PresentationStyles\VS2013\styles\branding.css -&gt; C:\Users\Sujay\Desktop\samoke\Help\Working\Output\HtmlHelp1\styles\branding.css
C:\Program Files (x86)\EWSoftware\Sandcastle Help File Builder\PresentationStyles\VS2013\icons\AlertCaution.png -&gt; C:\Users\Sujay\Desktop\samoke\Help\Working\Output\Website\icons\AlertCaution.png
C:\Program Files (x86)\EWSoftware\Sandcastle Help File Builder\PresentationStyles\VS2013\icons\AlertNote.png -&gt; C:\Users\Sujay\Desktop\samoke\Help\Working\Output\Website\icons\AlertNote.png
C:\Program Files (x86)\EWSoftware\Sandcastle Help File Builder\PresentationStyles\VS2013\icons\AlertSecurity.png -&gt; C:\Users\Sujay\Desktop\samoke\Help\Working\Output\Website\icons\AlertSecurity.png
C:\Program Files (x86)\EWSoftware\Sandcastle Help File Builder\PresentationStyles\VS2013\icons\CFW.gif -&gt; C:\Users\Sujay\Desktop\samoke\Help\Working\Output\Website\icons\CFW.gif
C:\Program Files (x86)\EWSoftware\Sandcastle Help File Builder\PresentationStyles\VS2013\icons\CodeExample.png -&gt; C:\Users\Sujay\Desktop\samoke\Help\Working\Output\Website\icons\CodeExample.png
C:\Program Files (x86)\EWSoftware\Sandcastle Help File Builder\PresentationStyles\VS2013\icons\favicon.ico -&gt; C:\Users\Sujay\Desktop\samoke\Help\Working\Output\Website\icons\favicon.ico
C:\Program Files (x86)\EWSoftware\Sandcastle Help File Builder\PresentationStyles\VS2013\icons\privclass.gif -&gt; C:\Users\Sujay\Desktop\samoke\Help\Working\Output\Website\icons\privclass.gif
C:\Program Files (x86)\EWSoftware\Sandcastle Help File Builder\PresentationStyles\VS2013\icons\privdelegate.gif -&gt; C:\Users\Sujay\Desktop\samoke\Help\Working\Output\Website\icons\privdelegate.gif
C:\Program Files (x86)\EWSoftware\Sandcastle Help File Builder\PresentationStyles\VS2013\icons\privenumeration.gif -&gt; C:\Users\Sujay\Desktop\samoke\Help\Working\Output\Website\icons\privenumeration.gif
C:\Program Files (x86)\EWSoftware\Sandcastle Help File Builder\PresentationStyles\VS2013\icons\privevent.gif -&gt; C:\Users\Sujay\Desktop\samoke\Help\Working\Output\Website\icons\privevent.gif
C:\Program Files (x86)\EWSoftware\Sandcastle Help File Builder\PresentationStyles\VS2013\icons\privextension.gif -&gt; C:\Users\Sujay\Desktop\samoke\Help\Working\Output\Website\icons\privextension.gif
C:\Program Files (x86)\EWSoftware\Sandcastle Help File Builder\PresentationStyles\VS2013\icons\privfield.gif -&gt; C:\Users\Sujay\Desktop\samoke\Help\Working\Output\Website\icons\privfield.gif
C:\Program Files (x86)\EWSoftware\Sandcastle Help File Builder\PresentationStyles\VS2013\icons\privinterface.gif -&gt; C:\Users\Sujay\Desktop\samoke\Help\Working\Output\Website\icons\privinterface.gif
C:\Program Files (x86)\EWSoftware\Sandcastle Help File Builder\PresentationStyles\VS2013\icons\privmethod.gif -&gt; C:\Users\Sujay\Desktop\samoke\Help\Working\Output\Website\icons\privmethod.gif
C:\Program Files (x86)\EWSoftware\Sandcastle Help File Builder\PresentationStyles\VS2013\icons\privproperty.gif -&gt; C:\Users\Sujay\Desktop\samoke\Help\Working\Output\Website\icons\privproperty.gif
C:\Program Files (x86)\EWSoftware\Sandcastle Help File Builder\PresentationStyles\VS2013\icons\privstructure.gif -&gt; C:\Users\Sujay\Desktop\samoke\Help\Working\Output\Website\icons\privstructure.gif
C:\Program Files (x86)\EWSoftware\Sandcastle Help File Builder\PresentationStyles\VS2013\icons\protclass.gif -&gt; C:\Users\Sujay\Desktop\samoke\Help\Working\Output\Website\icons\protclass.gif
C:\Program Files (x86)\EWSoftware\Sandcastle Help File Builder\PresentationStyles\VS2013\icons\protdelegate.gif -&gt; C:\Users\Sujay\Desktop\samoke\Help\Working\Output\Website\icons\protdelegate.gif
C:\Program Files (x86)\EWSoftware\Sandcastle Help File Builder\PresentationStyles\VS2013\icons\protenumeration.gif -&gt; C:\Users\Sujay\Desktop\samoke\Help\Working\Output\Website\icons\protenumeration.gif
C:\Program Files (x86)\EWSoftware\Sandcastle Help File Builder\PresentationStyles\VS2013\icons\protevent.gif -&gt; C:\Users\Sujay\Desktop\samoke\Help\Working\Output\Website\icons\protevent.gif
C:\Program Files (x86)\EWSoftware\Sandcastle Help File Builder\PresentationStyles\VS2013\icons\protextension.gif -&gt; C:\Users\Sujay\Desktop\samoke\Help\Working\Output\Website\icons\protextension.gif
C:\Program Files (x86)\EWSoftware\Sandcastle Help File Builder\PresentationStyles\VS2013\icons\protfield.gif -&gt; C:\Users\Sujay\Desktop\samoke\Help\Working\Output\Website\icons\protfield.gif
C:\Program Files (x86)\EWSoftware\Sandcastle Help File Builder\PresentationStyles\VS2013\icons\protinterface.gif -&gt; C:\Users\Sujay\Desktop\samoke\Help\Working\Output\Website\icons\protinterface.gif
C:\Program Files (x86)\EWSoftware\Sandcastle Help File Builder\PresentationStyles\VS2013\icons\protmethod.gif -&gt; C:\Users\Sujay\Desktop\samoke\Help\Working\Output\Website\icons\protmethod.gif
C:\Program Files (x86)\EWSoftware\Sandcastle Help File Builder\PresentationStyles\VS2013\icons\protoperator.gif -&gt; C:\Users\Sujay\Desktop\samoke\Help\Working\Output\Website\icons\protoperator.gif
C:\Program Files (x86)\EWSoftware\Sandcastle Help File Builder\PresentationStyles\VS2013\icons\protproperty.gif -&gt; C:\Users\Sujay\Desktop\samoke\Help\Working\Output\Website\icons\protproperty.gif
C:\Program Files (x86)\EWSoftware\Sandcastle Help File Builder\PresentationStyles\VS2013\icons\protstructure.gif -&gt; C:\Users\Sujay\Desktop\samoke\Help\Working\Output\Website\icons\protstructure.gif
C:\Program Files (x86)\EWSoftware\Sandcastle Help File Builder\PresentationStyles\VS2013\icons\pubclass.gif -&gt; C:\Users\Sujay\Desktop\samoke\Help\Working\Output\Website\icons\pubclass.gif
C:\Program Files (x86)\EWSoftware\Sandcastle Help File Builder\PresentationStyles\VS2013\icons\pubdelegate.gif -&gt; C:\Users\Sujay\Desktop\samoke\Help\Working\Output\Website\icons\pubdelegate.gif
C:\Program Files (x86)\EWSoftware\Sandcastle Help File Builder\PresentationStyles\VS2013\icons\pubenumeration.gif -&gt; C:\Users\Sujay\Desktop\samoke\Help\Working\Output\Website\icons\pubenumeration.gif
C:\Program Files (x86)\EWSoftware\Sandcastle Help File Builder\PresentationStyles\VS2013\icons\pubevent.gif -&gt; C:\Users\Sujay\Desktop\samoke\Help\Working\Output\Website\icons\pubevent.gif
C:\Program Files (x86)\EWSoftware\Sandcastle Help File Builder\PresentationStyles\VS2013\icons\pubextension.gif -&gt; C:\Users\Sujay\Desktop\samoke\Help\Working\Output\Website\icons\pubextension.gif
C:\Program Files (x86)\EWSoftware\Sandcastle Help File Builder\PresentationStyles\VS2013\icons\pubfield.gif -&gt; C:\Users\Sujay\Desktop\samoke\Help\Working\Output\Website\icons\pubfield.gif
C:\Program Files (x86)\EWSoftware\Sandcastle Help File Builder\PresentationStyles\VS2013\icons\pubinterface.gif -&gt; C:\Users\Sujay\Desktop\samoke\Help\Working\Output\Website\icons\pubinterface.gif
C:\Program Files (x86)\EWSoftware\Sandcastle Help File Builder\PresentationStyles\VS2013\icons\pubmethod.gif -&gt; C:\Users\Sujay\Desktop\samoke\Help\Working\Output\Website\icons\pubmethod.gif
C:\Program Files (x86)\EWSoftware\Sandcastle Help File Builder\PresentationStyles\VS2013\icons\puboperator.gif -&gt; C:\Users\Sujay\Desktop\samoke\Help\Working\Output\Website\icons\puboperator.gif
C:\Program Files (x86)\EWSoftware\Sandcastle Help File Builder\PresentationStyles\VS2013\icons\pubproperty.gif -&gt; C:\Users\Sujay\Desktop\samoke\Help\Working\Output\Website\icons\pubproperty.gif
C:\Program Files (x86)\EWSoftware\Sandcastle Help File Builder\PresentationStyles\VS2013\icons\pubstructure.gif -&gt; C:\Users\Sujay\Desktop\samoke\Help\Working\Output\Website\icons\pubstructure.gif
C:\Program Files (x86)\EWSoftware\Sandcastle Help File Builder\PresentationStyles\VS2013\icons\SectionCollapsed.png -&gt; C:\Users\Sujay\Desktop\samoke\Help\Working\Output\Website\icons\SectionCollapsed.png
C:\Program Files (x86)\EWSoftware\Sandcastle Help File Builder\PresentationStyles\VS2013\icons\SectionExpanded.png -&gt; C:\Users\Sujay\Desktop\samoke\Help\Working\Output\Website\icons\SectionExpanded.png
C:\Program Files (x86)\EWSoftware\Sandcastle Help File Builder\PresentationStyles\VS2013\icons\slMobile.gif -&gt; C:\Users\Sujay\Desktop\samoke\Help\Working\Output\Website\icons\slMobile.gif
C:\Program Files (x86)\EWSoftware\Sandcastle Help File Builder\PresentationStyles\VS2013\icons\static.gif -&gt; C:\Users\Sujay\Desktop\samoke\Help\Working\Output\Website\icons\static.gif
C:\Program Files (x86)\EWSoftware\Sandcastle Help File Builder\PresentationStyles\VS2013\icons\xna.gif -&gt; C:\Users\Sujay\Desktop\samoke\Help\Working\Output\Website\icons\xna.gif
C:\Program Files (x86)\EWSoftware\Sandcastle Help File Builder\PresentationStyles\VS2013\scripts\branding.js -&gt; C:\Users\Sujay\Desktop\samoke\Help\Working\Output\Website\scripts\branding.js
C:\Program Files (x86)\EWSoftware\Sandcastle Help File Builder\PresentationStyles\VS2013\styles\branding-cs-CZ.css -&gt; C:\Users\Sujay\Desktop\samoke\Help\Working\Output\Website\styles\branding-cs-CZ.css
C:\Program Files (x86)\EWSoftware\Sandcastle Help File Builder\PresentationStyles\VS2013\styles\branding-de-DE.css -&gt; C:\Users\Sujay\Desktop\samoke\Help\Working\Output\Website\styles\branding-de-DE.css
C:\Program Files (x86)\EWSoftware\Sandcastle Help File Builder\PresentationStyles\VS2013\styles\branding-en-US.css -&gt; C:\Users\Sujay\Desktop\samoke\Help\Working\Output\Website\styles\branding-en-US.css
C:\Program Files (x86)\EWSoftware\Sandcastle Help File Builder\PresentationStyles\VS2013\styles\branding-es-ES.css -&gt; C:\Users\Sujay\Desktop\samoke\Help\Working\Output\Website\styles\branding-es-ES.css
C:\Program Files (x86)\EWSoftware\Sandcastle Help File Builder\PresentationStyles\VS2013\styles\branding-fr-FR.css -&gt; C:\Users\Sujay\Desktop\samoke\Help\Working\Output\Website\styles\branding-fr-FR.css
C:\Program Files (x86)\EWSoftware\Sandcastle Help File Builder\PresentationStyles\VS2013\styles\branding-Help1.css -&gt; C:\Users\Sujay\Desktop\samoke\Help\Working\Output\Website\styles\branding-Help1.css
C:\Program Files (x86)\EWSoftware\Sandcastle Help File Builder\PresentationStyles\VS2013\styles\branding-Help2.css -&gt; C:\Users\Sujay\Desktop\samoke\Help\Working\Output\Website\styles\branding-Help2.css
C:\Program Files (x86)\EWSoftware\Sandcastle Help File Builder\PresentationStyles\VS2013\styles\branding-HelpViewer.css -&gt; C:\Users\Sujay\Desktop\samoke\Help\Working\Output\Website\styles\branding-HelpViewer.css
C:\Program Files (x86)\EWSoftware\Sandcastle Help File Builder\PresentationStyles\VS2013\styles\branding-it-IT.css -&gt; C:\Users\Sujay\Desktop\samoke\Help\Working\Output\Website\styles\branding-it-IT.css
C:\Program Files (x86)\EWSoftware\Sandcastle Help File Builder\PresentationStyles\VS2013\styles\branding-ja-JP.css -&gt; C:\Users\Sujay\Desktop\samoke\Help\Working\Output\Website\styles\branding-ja-JP.css
C:\Program Files (x86)\EWSoftware\Sandcastle Help File Builder\PresentationStyles\VS2013\styles\branding-ko-KR.css -&gt; C:\Users\Sujay\Desktop\samoke\Help\Working\Output\Website\styles\branding-ko-KR.css
C:\Program Files (x86)\EWSoftware\Sandcastle Help File Builder\PresentationStyles\VS2013\styles\branding-pl-PL.css -&gt; C:\Users\Sujay\Desktop\samoke\Help\Working\Output\Website\styles\branding-pl-PL.css
C:\Program Files (x86)\EWSoftware\Sandcastle Help File Builder\PresentationStyles\VS2013\styles\branding-pt-BR.css -&gt; C:\Users\Sujay\Desktop\samoke\Help\Working\Output\Website\styles\branding-pt-BR.css
C:\Program Files (x86)\EWSoftware\Sandcastle Help File Builder\PresentationStyles\VS2013\styles\branding-ru-RU.css -&gt; C:\Users\Sujay\Desktop\samoke\Help\Working\Output\Website\styles\branding-ru-RU.css
C:\Program Files (x86)\EWSoftware\Sandcastle Help File Builder\PresentationStyles\VS2013\styles\branding-tr-TR.css -&gt; C:\Users\Sujay\Desktop\samoke\Help\Working\Output\Website\styles\branding-tr-TR.css
C:\Program Files (x86)\EWSoftware\Sandcastle Help File Builder\PresentationStyles\VS2013\styles\branding-Website.css -&gt; C:\Users\Sujay\Desktop\samoke\Help\Working\Output\Website\styles\branding-Website.css
C:\Program Files (x86)\EWSoftware\Sandcastle Help File Builder\PresentationStyles\VS2013\styles\branding-zh-CN.css -&gt; C:\Users\Sujay\Desktop\samoke\Help\Working\Output\Website\styles\branding-zh-CN.css
C:\Program Files (x86)\EWSoftware\Sandcastle Help File Builder\PresentationStyles\VS2013\styles\branding-zh-TW.css -&gt; C:\Users\Sujay\Desktop\samoke\Help\Working\Output\Website\styles\branding-zh-TW.css
C:\Program Files (x86)\EWSoftware\Sandcastle Help File Builder\PresentationStyles\VS2013\styles\branding.css -&gt; C:\Users\Sujay\Desktop\samoke\Help\Working\Output\Website\styles\branding.css
C:\Program Files (x86)\EWSoftware\Sandcastle Help File Builder\PresentationStyles\VS2013\Web\index.html -&gt; C:\Users\Sujay\Desktop\samoke\Help\Working\Output\Website\index.html
C:\Program Files (x86)\EWSoftware\Sandcastle Help File Builder\PresentationStyles\VS2013\Web\search.html -&gt; C:\Users\Sujay\Desktop\samoke\Help\Working\Output\Website\search.html
C:\Program Files (x86)\EWSoftware\Sandcastle Help File Builder\PresentationStyles\VS2013\Web\SearchHelp.aspx -&gt; C:\Users\Sujay\Desktop\samoke\Help\Working\Output\Website\SearchHelp.aspx
C:\Program Files (x86)\EWSoftware\Sandcastle Help File Builder\PresentationStyles\VS2013\Web\SearchHelp.inc.php -&gt; C:\Users\Sujay\Desktop\samoke\Help\Working\Output\Website\SearchHelp.inc.php
C:\Program Files (x86)\EWSoftware\Sandcastle Help File Builder\PresentationStyles\VS2013\Web\SearchHelp.php -&gt; C:\Users\Sujay\Desktop\samoke\Help\Working\Output\Website\SearchHelp.php
C:\Program Files (x86)\EWSoftware\Sandcastle Help File Builder\PresentationStyles\VS2013\Web\Web.Config -&gt; C:\Users\Sujay\Desktop\samoke\Help\Working\Output\Website\Web.Config
C:\Program Files (x86)\EWSoftware\Sandcastle Help File Builder\PresentationStyles\VS2013\Web\icons\Search.png -&gt; C:\Users\Sujay\Desktop\samoke\Help\Working\Output\Website\icons\Search.png
C:\Program Files (x86)\EWSoftware\Sandcastle Help File Builder\PresentationStyles\VS2013\Web\icons\TocClose.gif -&gt; C:\Users\Sujay\Desktop\samoke\Help\Working\Output\Website\icons\TocClose.gif
C:\Program Files (x86)\EWSoftware\Sandcastle Help File Builder\PresentationStyles\VS2013\Web\icons\TocCollapsed.gif -&gt; C:\Users\Sujay\Desktop\samoke\Help\Working\Output\Website\icons\TocCollapsed.gif
C:\Program Files (x86)\EWSoftware\Sandcastle Help File Builder\PresentationStyles\VS2013\Web\icons\TocExpanded.gif -&gt; C:\Users\Sujay\Desktop\samoke\Help\Working\Output\Website\icons\TocExpanded.gif
C:\Program Files (x86)\EWSoftware\Sandcastle Help File Builder\PresentationStyles\VS2013\Web\icons\TocOpen.gif -&gt; C:\Users\Sujay\Desktop\samoke\Help\Working\Output\Website\icons\TocOpen.gif
C:\Program Files (x86)\EWSoftware\Sandcastle Help File Builder\PresentationStyles\VS2013\Web\scripts\branding-Website.js -&gt; C:\Users\Sujay\Desktop\samoke\Help\Working\Output\Website\scripts\branding-Website.js
C:\Program Files (x86)\EWSoftware\Sandcastle Help File Builder\PresentationStyles\VS2013\Web\scripts\jquery-1.11.0.min.js -&gt; C:\Users\Sujay\Desktop\samoke\Help\Working\Output\Website\scripts\jquery-1.11.0.min.js
    Last step completed in 00:00:01.5260
</buildStep>
<buildStep step="GenerateHelpFormatTableOfContents">
Generating HTML Help 1 table of contents file...
    Last step completed in 00:00:00.0030
</buildStep>
<buildStep step="GenerateHelpFileIndex">
Generating HTML Help 1 index file...
    Last step completed in 00:00:00.0040
</buildStep>
<buildStep step="GenerateHelpProject">
Generating HTML Help 1 project file...
    Last step completed in 00:00:00.0280
</buildStep>
<buildStep step="CompilingHelpFile">
Compiling HTML Help 1 file...
[C:\Windows\Microsoft.NET\Framework64\v4.0.30319\MSBuild.exe]
  Microsoft HTML Help Compiler 4.74.8702
  
  
  
  Compiling c:\Users\Sujay\Desktop\samoke\Help\Working\Output\HtmlHelp1\Documentation.chm
  
  
  
  
  
  Compile time: 0 minutes, 6 seconds
  
  323	Topics
  
  3,229	Local links
  
  7,776	Internet links
  
  0	Graphics
  
  
  
  
  
  Created c:\Users\Sujay\Desktop\samoke\Help\Working\Output\HtmlHelp1\Documentation.chm, 635,646 bytes
  
  Compression decreased file by 3,503,222 bytes.
  
    Last step completed in 00:00:08.3960
</buildStep>
<buildStep step="GenerateHelpFormatTableOfContents">
Generating website table of contents file...
    Last step completed in 00:00:00.0080
</buildStep>
<buildStep step="GenerateFullTextIndex">
Generating full-text index for the website...

<plugIn name="Lightweight Website Style" behavior="After" priority="1000">
Adding lightweight search and TOC elements to each topic...
</plugIn>    Last step completed in 00:00:07.1596
</buildStep>
<buildStep step="CopyingWebsiteFiles">
Copying website files to output folder...

Copied 100 files
Copied 200 files
Copied 300 files
Copied 400 files
Copied 500 files
Copied 521 files for the website content
    Last step completed in 00:00:00.7345
</buildStep>
<buildStep step="CleanIntermediates">
Removing intermediate files...
    Last step completed in 00:00:01.3347
</buildStep>
<buildStep step="Completed">

Build completed successfully at 4/2/2015 9:28:05 AM.  Total time: 00:02:04.4114

</buildStep>
</shfbBuild>
